mode: set
github.com/cuihairu/cockpit/internal/agent/remote/manager.go:38.28,45.2 2 1
github.com/cuihairu/cockpit/internal/agent/remote/manager.go:48.33,52.2 2 1
github.com/cuihairu/cockpit/internal/agent/remote/manager.go:55.26,61.37 4 1
github.com/cuihairu/cockpit/internal/agent/remote/manager.go:61.37,63.3 1 1
github.com/cuihairu/cockpit/internal/agent/remote/manager.go:64.2,64.46 1 1
github.com/cuihairu/cockpit/internal/agent/remote/manager.go:68.144,72.48 3 1
github.com/cuihairu/cockpit/internal/agent/remote/manager.go:72.48,74.3 1 1
github.com/cuihairu/cockpit/internal/agent/remote/manager.go:77.2,78.16 2 1
github.com/cuihairu/cockpit/internal/agent/remote/manager.go:78.16,80.3 1 1
github.com/cuihairu/cockpit/internal/agent/remote/manager.go:82.2,95.18 4 1
github.com/cuihairu/cockpit/internal/agent/remote/manager.go:99.68,105.2 4 1
github.com/cuihairu/cockpit/internal/agent/remote/manager.go:108.56,113.13 4 1
github.com/cuihairu/cockpit/internal/agent/remote/manager.go:113.13,115.3 1 1
github.com/cuihairu/cockpit/internal/agent/remote/manager.go:117.2,122.12 4 0
github.com/cuihairu/cockpit/internal/agent/remote/manager.go:126.51,132.2 4 1
github.com/cuihairu/cockpit/internal/agent/remote/manager.go:135.69,141.16 5 1
github.com/cuihairu/cockpit/internal/agent/remote/manager.go:141.16,143.3 1 1
github.com/cuihairu/cockpit/internal/agent/remote/manager.go:143.8,145.3 1 1
github.com/cuihairu/cockpit/internal/agent/remote/manager.go:147.2,147.17 1 1
github.com/cuihairu/cockpit/internal/agent/remote/manager.go:147.17,149.3 1 1
github.com/cuihairu/cockpit/internal/agent/remote/manager.go:151.2,152.16 2 0
github.com/cuihairu/cockpit/internal/agent/remote/manager.go:152.16,155.3 2 0
github.com/cuihairu/cockpit/internal/agent/remote/manager.go:157.2,157.12 1 0
github.com/cuihairu/cockpit/internal/agent/remote/manager.go:161.40,167.2 2 0
github.com/cuihairu/cockpit/internal/agent/remote/manager.go:170.64,175.6 3 0
github.com/cuihairu/cockpit/internal/agent/remote/manager.go:175.6,177.17 2 0
github.com/cuihairu/cockpit/internal/agent/remote/manager.go:177.17,178.21 1 0
github.com/cuihairu/cockpit/internal/agent/remote/manager.go:178.21,180.5 1 0
github.com/cuihairu/cockpit/internal/agent/remote/manager.go:181.4,181.9 1 0
github.com/cuihairu/cockpit/internal/agent/remote/manager.go:184.3,189.17 5 0
github.com/cuihairu/cockpit/internal/agent/remote/manager.go:189.17,191.9 2 0
github.com/cuihairu/cockpit/internal/agent/remote/manager.go:197.36,198.43 1 1
github.com/cuihairu/cockpit/internal/agent/remote/manager.go:198.43,200.3 1 1
github.com/cuihairu/cockpit/internal/agent/remote/manager.go:202.2,202.25 1 1
github.com/cuihairu/cockpit/internal/agent/remote/manager.go:202.25,204.3 1 0
github.com/cuihairu/cockpit/internal/agent/remote/manager.go:205.2,205.25 1 1
github.com/cuihairu/cockpit/internal/agent/remote/manager.go:205.25,207.3 1 1
github.com/cuihairu/cockpit/internal/agent/remote/manager.go:209.2,209.12 1 1
github.com/cuihairu/cockpit/internal/agent/remote/manager.go:213.33,217.6 3 1
github.com/cuihairu/cockpit/internal/agent/remote/manager.go:217.6,218.10 1 1
github.com/cuihairu/cockpit/internal/agent/remote/manager.go:219.19,220.19 1 0
github.com/cuihairu/cockpit/internal/agent/remote/manager.go:221.23,222.10 1 1
github.com/cuihairu/cockpit/internal/agent/remote/manager.go:228.33,233.38 4 0
github.com/cuihairu/cockpit/internal/agent/remote/manager.go:233.38,234.47 1 0
github.com/cuihairu/cockpit/internal/agent/remote/manager.go:234.47,238.4 3 0
github.com/cuihairu/cockpit/internal/agent/remote/manager.go:243.53,252.37 5 1
github.com/cuihairu/cockpit/internal/agent/remote/manager.go:252.37,254.3 1 1
github.com/cuihairu/cockpit/internal/agent/remote/manager.go:255.2,257.14 2 1
github.com/cuihairu/cockpit/internal/agent/rdp/handler.go:19.28,23.2 1 1
github.com/cuihairu/cockpit/internal/agent/rdp/handler.go:26.69,28.2 1 1
github.com/cuihairu/cockpit/internal/agent/rdp/handler.go:31.59,41.45 8 1
github.com/cuihairu/cockpit/internal/agent/rdp/handler.go:41.45,43.3 1 1
github.com/cuihairu/cockpit/internal/agent/rdp/handler.go:44.2,44.47 1 1
github.com/cuihairu/cockpit/internal/agent/rdp/handler.go:44.47,46.3 1 1
github.com/cuihairu/cockpit/internal/agent/rdp/handler.go:48.2,48.37 1 1
github.com/cuihairu/cockpit/internal/agent/rdp/handler.go:48.37,52.3 3 1
github.com/cuihairu/cockpit/internal/agent/rdp/handler.go:54.2,54.16 1 1
github.com/cuihairu/cockpit/internal/agent/rdp/handler.go:54.16,56.3 1 1
github.com/cuihairu/cockpit/internal/agent/rdp/handler.go:57.2,57.17 1 1
github.com/cuihairu/cockpit/internal/agent/rdp/handler.go:57.17,59.3 1 1
github.com/cuihairu/cockpit/internal/agent/rdp/handler.go:61.2,64.16 3 1
github.com/cuihairu/cockpit/internal/agent/rdp/handler.go:64.16,68.3 3 1
github.com/cuihairu/cockpit/internal/agent/rdp/handler.go:70.2,75.31 4 0
github.com/cuihairu/cockpit/internal/agent/rdp/handler.go:79.60,89.35 7 1
github.com/cuihairu/cockpit/internal/agent/rdp/handler.go:89.35,91.3 1 1
github.com/cuihairu/cockpit/internal/agent/rdp/handler.go:93.2,93.50 1 1
github.com/cuihairu/cockpit/internal/agent/rdp/handler.go:94.35,96.50 2 1
github.com/cuihairu/cockpit/internal/agent/rdp/handler.go:96.50,98.4 1 1
github.com/cuihairu/cockpit/internal/agent/rdp/handler.go:99.3,101.54 3 1
github.com/cuihairu/cockpit/internal/agent/rdp/handler.go:103.32,105.42 2 1
github.com/cuihairu/cockpit/internal/agent/rdp/handler.go:105.42,107.4 1 1
github.com/cuihairu/cockpit/internal/agent/rdp/handler.go:108.3,108.42 1 1
github.com/cuihairu/cockpit/internal/agent/rdp/handler.go:108.42,110.4 1 1
github.com/cuihairu/cockpit/internal/agent/rdp/handler.go:111.3,111.48 1 1
github.com/cuihairu/cockpit/internal/agent/rdp/handler.go:111.48,113.4 1 1
github.com/cuihairu/cockpit/internal/agent/rdp/handler.go:114.3,114.51 1 1
github.com/cuihairu/cockpit/internal/agent/rdp/handler.go:114.51,116.4 1 1
github.com/cuihairu/cockpit/internal/agent/rdp/handler.go:117.3,120.10 3 1
github.com/cuihairu/cockpit/internal/agent/rdp/handler.go:121.23,122.14 1 1
github.com/cuihairu/cockpit/internal/agent/rdp/handler.go:123.23,124.14 1 0
github.com/cuihairu/cockpit/internal/agent/rdp/handler.go:125.23,126.14 1 0
github.com/cuihairu/cockpit/internal/agent/rdp/handler.go:128.3,128.56 1 1
github.com/cuihairu/cockpit/internal/agent/rdp/handler.go:130.40,132.32 2 1
github.com/cuihairu/cockpit/internal/agent/rdp/handler.go:134.40,136.46 2 1
github.com/cuihairu/cockpit/internal/agent/rdp/handler.go:136.46,138.4 1 1
github.com/cuihairu/cockpit/internal/agent/rdp/handler.go:139.3,139.47 1 1
github.com/cuihairu/cockpit/internal/agent/rdp/handler.go:139.47,141.4 1 1
github.com/cuihairu/cockpit/internal/agent/rdp/handler.go:142.3,142.37 1 1
github.com/cuihairu/cockpit/internal/agent/rdp/handler.go:147.61,152.12 4 1
github.com/cuihairu/cockpit/internal/agent/rdp/handler.go:152.12,154.3 1 1
github.com/cuihairu/cockpit/internal/agent/rdp/handler.go:155.2,157.12 2 1
github.com/cuihairu/cockpit/internal/agent/rdp/handler.go:157.12,160.3 2 1
github.com/cuihairu/cockpit/internal/agent/rdp/handler.go:164.53,165.39 1 1
github.com/cuihairu/cockpit/internal/agent/rdp/handler.go:165.39,166.24 1 1
github.com/cuihairu/cockpit/internal/agent/rdp/handler.go:166.24,167.12 1 1
github.com/cuihairu/cockpit/internal/agent/rdp/handler.go:169.3,169.41 1 1
github.com/cuihairu/cockpit/internal/agent/rdp/handler.go:169.41,171.9 2 1
github.com/cuihairu/cockpit/internal/agent/rdp/handler.go:176.2,178.15 3 1
github.com/cuihairu/cockpit/internal/agent/rdp/handler.go:182.55,183.23 1 1
github.com/cuihairu/cockpit/internal/agent/rdp/handler.go:183.23,185.3 1 1
github.com/cuihairu/cockpit/internal/agent/rdp/handler.go:186.2,194.17 2 1
github.com/cuihairu/cockpit/internal/agent/rdp/handler.go:198.26,202.38 3 1
github.com/cuihairu/cockpit/internal/agent/rdp/handler.go:202.38,205.3 2 1
github.com/cuihairu/cockpit/internal/agent/rdp/handler.go:206.2,206.43 1 1
github.com/cuihairu/cockpit/internal/agent/rdp/session.go:27.108,42.65 5 1
github.com/cuihairu/cockpit/internal/agent/rdp/session.go:42.65,44.3 1 1
github.com/cuihairu/cockpit/internal/agent/rdp/session.go:47.2,47.46 1 0
github.com/cuihairu/cockpit/internal/agent/rdp/session.go:47.46,49.3 1 0
github.com/cuihairu/cockpit/internal/agent/rdp/session.go:51.2,51.24 1 0
github.com/cuihairu/cockpit/internal/agent/rdp/session.go:51.24,62.3 2 0
github.com/cuihairu/cockpit/internal/agent/rdp/session.go:64.2,64.33 1 0
github.com/cuihairu/cockpit/internal/agent/rdp/session.go:64.33,74.3 2 0
github.com/cuihairu/cockpit/internal/agent/rdp/session.go:76.2,76.24 1 0
github.com/cuihairu/cockpit/internal/agent/rdp/session.go:76.24,86.3 2 0
github.com/cuihairu/cockpit/internal/agent/rdp/session.go:88.2,89.21 1 0
github.com/cuihairu/cockpit/internal/agent/rdp/session.go:89.21,98.4 1 0
github.com/cuihairu/cockpit/internal/agent/rdp/session.go:99.17,101.4 1 0
github.com/cuihairu/cockpit/internal/agent/rdp/session.go:104.2,104.15 1 0
github.com/cuihairu/cockpit/internal/agent/rdp/session.go:108.55,109.21 1 1
github.com/cuihairu/cockpit/internal/agent/rdp/session.go:109.21,111.3 1 1
github.com/cuihairu/cockpit/internal/agent/rdp/session.go:113.2,118.29 4 1
github.com/cuihairu/cockpit/internal/agent/rdp/session.go:118.29,122.34 2 1
github.com/cuihairu/cockpit/internal/agent/rdp/session.go:122.34,124.24 2 1
github.com/cuihairu/cockpit/internal/agent/rdp/session.go:124.24,125.13 1 1
github.com/cuihairu/cockpit/internal/agent/rdp/session.go:127.4,130.38 4 1
github.com/cuihairu/cockpit/internal/agent/rdp/session.go:130.38,132.5 1 1
github.com/cuihairu/cockpit/internal/agent/rdp/session.go:133.4,133.99 1 1
github.com/cuihairu/cockpit/internal/agent/rdp/session.go:133.99,135.5 1 1
github.com/cuihairu/cockpit/internal/agent/rdp/session.go:138.3,145.30 2 1
github.com/cuihairu/cockpit/internal/agent/rdp/session.go:148.2,148.21 1 1
github.com/cuihairu/cockpit/internal/agent/rdp/session.go:148.21,150.3 1 1
github.com/cuihairu/cockpit/internal/agent/rdp/session.go:152.2,163.16 2 1
github.com/cuihairu/cockpit/internal/agent/rdp/session.go:167.50,168.9 1 1
github.com/cuihairu/cockpit/internal/agent/rdp/session.go:169.26,169.26 0 1
github.com/cuihairu/cockpit/internal/agent/rdp/session.go:170.10,171.10 1 1
github.com/cuihairu/cockpit/internal/agent/rdp/session.go:172.22,172.22 0 1
github.com/cuihairu/cockpit/internal/agent/rdp/session.go:173.11,173.11 0 0
github.com/cuihairu/cockpit/internal/agent/rdp/session.go:175.3,175.10 1 1
github.com/cuihairu/cockpit/internal/agent/rdp/session.go:176.27,176.27 0 1
github.com/cuihairu/cockpit/internal/agent/rdp/session.go:177.11,177.11 0 0
github.com/cuihairu/cockpit/internal/agent/rdp/session.go:183.80,184.21 1 1
github.com/cuihairu/cockpit/internal/agent/rdp/session.go:184.21,186.3 1 1
github.com/cuihairu/cockpit/internal/agent/rdp/session.go:188.2,189.14 2 1
github.com/cuihairu/cockpit/internal/agent/rdp/session.go:189.14,191.3 1 0
github.com/cuihairu/cockpit/internal/agent/rdp/session.go:193.2,193.13 1 1
github.com/cuihairu/cockpit/internal/agent/rdp/session.go:193.13,195.3 1 1
github.com/cuihairu/cockpit/internal/agent/rdp/session.go:195.8,197.3 1 0
github.com/cuihairu/cockpit/internal/agent/rdp/session.go:201.76,202.21 1 1
github.com/cuihairu/cockpit/internal/agent/rdp/session.go:202.21,204.3 1 1
github.com/cuihairu/cockpit/internal/agent/rdp/session.go:206.2,206.16 1 1
github.com/cuihairu/cockpit/internal/agent/rdp/session.go:207.14,208.27 1 1
github.com/cuihairu/cockpit/internal/agent/rdp/session.go:209.14,210.35 1 0
github.com/cuihairu/cockpit/internal/agent/rdp/session.go:211.12,212.33 1 0
github.com/cuihairu/cockpit/internal/agent/rdp/session.go:215.2,215.21 1 0
github.com/cuihairu/cockpit/internal/agent/rdp/session.go:215.21,217.3 1 0
github.com/cuihairu/cockpit/internal/agent/rdp/session.go:225.48,230.2 4 1
github.com/cuihairu/cockpit/internal/agent/rdp/session.go:232.45,236.2 3 1
github.com/cuihairu/cockpit/internal/agent/rdp/session.go:239.58,240.21 1 1
github.com/cuihairu/cockpit/internal/agent/rdp/session.go:240.21,242.3 1 1
github.com/cuihairu/cockpit/internal/agent/rdp/session.go:244.2,244.58 1 1
github.com/cuihairu/cockpit/internal/agent/rdp/session.go:244.58,247.3 2 0
github.com/cuihairu/cockpit/internal/agent/rdp/session.go:248.2,250.59 3 0
github.com/cuihairu/cockpit/internal/agent/rdp/session.go:254.27,255.43 1 1
github.com/cuihairu/cockpit/internal/agent/rdp/session.go:255.43,257.3 1 1
github.com/cuihairu/cockpit/internal/agent/rdp/session.go:258.2,258.21 1 1
github.com/cuihairu/cockpit/internal/agent/rdp/session.go:258.21,260.3 1 0
github.com/cuihairu/cockpit/internal/agent/rdp/session.go:261.2,262.52 2 1
github.com/cuihairu/cockpit/internal/agent/rdp/session.go:266.56,268.2 1 1
github.com/cuihairu/cockpit/internal/agent/rdp/session.go:271.35,273.2 1 1
github.com/cuihairu/cockpit/internal/audit/logger.go:53.40,55.2 1 1
github.com/cuihairu/cockpit/internal/audit/logger.go:58.45,60.26 2 1
github.com/cuihairu/cockpit/internal/audit/logger.go:60.26,62.17 2 1
github.com/cuihairu/cockpit/internal/audit/logger.go:62.17,64.4 1 1
github.com/cuihairu/cockpit/internal/audit/logger.go:67.2,80.33 2 1
github.com/cuihairu/cockpit/internal/audit/logger.go:84.125,95.2 1 1
github.com/cuihairu/cockpit/internal/audit/logger.go:98.125,109.2 1 1
github.com/cuihairu/cockpit/internal/audit/logger.go:112.86,114.14 2 1
github.com/cuihairu/cockpit/internal/audit/logger.go:114.14,116.3 1 1
github.com/cuihairu/cockpit/internal/audit/logger.go:117.2,125.4 1 1
github.com/cuihairu/cockpit/internal/audit/logger.go:129.73,138.2 1 1
github.com/cuihairu/cockpit/internal/audit/logger.go:141.126,152.2 1 1
github.com/cuihairu/cockpit/internal/audit/logger.go:155.69,164.2 1 0
github.com/cuihairu/cockpit/internal/audit/logger.go:167.70,176.2 1 0
github.com/cuihairu/cockpit/internal/audit/logger.go:179.87,190.2 2 0
github.com/cuihairu/cockpit/internal/audit/logger.go:193.68,202.2 1 0
github.com/cuihairu/cockpit/internal/github/client.go:30.36,32.19 2 1
github.com/cuihairu/cockpit/internal/github/client.go:32.19,34.3 1 1
github.com/cuihairu/cockpit/internal/github/client.go:36.2,37.18 2 1
github.com/cuihairu/cockpit/internal/github/client.go:37.18,39.3 1 1
github.com/cuihairu/cockpit/internal/github/client.go:41.2,48.3 1 1
github.com/cuihairu/cockpit/internal/github/client.go:52.99,56.17 3 1
github.com/cuihairu/cockpit/internal/github/client.go:56.17,58.3 1 1
github.com/cuihairu/cockpit/internal/github/client.go:60.2,61.16 2 1
github.com/cuihairu/cockpit/internal/github/client.go:61.16,63.3 1 1
github.com/cuihairu/cockpit/internal/github/client.go:66.2,67.19 2 1
github.com/cuihairu/cockpit/internal/github/client.go:67.19,69.3 1 1
github.com/cuihairu/cockpit/internal/github/client.go:70.2,70.17 1 1
github.com/cuihairu/cockpit/internal/github/client.go:70.17,72.3 1 1
github.com/cuihairu/cockpit/internal/github/client.go:74.2,75.16 2 1
github.com/cuihairu/cockpit/internal/github/client.go:75.16,77.3 1 0
github.com/cuihairu/cockpit/internal/github/client.go:78.2,81.16 3 1
github.com/cuihairu/cockpit/internal/github/client.go:81.16,83.3 1 0
github.com/cuihairu/cockpit/internal/github/client.go:85.2,85.28 1 1
github.com/cuihairu/cockpit/internal/github/client.go:85.28,87.3 1 1
github.com/cuihairu/cockpit/internal/github/client.go:89.2,89.22 1 1
github.com/cuihairu/cockpit/internal/github/client.go:120.117,122.22 2 1
github.com/cuihairu/cockpit/internal/github/client.go:122.22,124.3 1 1
github.com/cuihairu/cockpit/internal/github/client.go:125.2,125.19 1 1
github.com/cuihairu/cockpit/internal/github/client.go:125.19,126.23 1 1
github.com/cuihairu/cockpit/internal/github/client.go:126.23,128.4 1 1
github.com/cuihairu/cockpit/internal/github/client.go:128.9,130.4 1 0
github.com/cuihairu/cockpit/internal/github/client.go:131.3,131.44 1 1
github.com/cuihairu/cockpit/internal/github/client.go:134.2,135.16 2 1
github.com/cuihairu/cockpit/internal/github/client.go:135.16,137.3 1 1
github.com/cuihairu/cockpit/internal/github/client.go:139.2,143.52 2 1
github.com/cuihairu/cockpit/internal/github/client.go:143.52,145.3 1 1
github.com/cuihairu/cockpit/internal/github/client.go:147.2,147.31 1 1
github.com/cuihairu/cockpit/internal/github/client.go:157.109,161.16 3 1
github.com/cuihairu/cockpit/internal/github/client.go:161.16,163.3 1 0
github.com/cuihairu/cockpit/internal/github/client.go:165.2,166.51 2 1
github.com/cuihairu/cockpit/internal/github/client.go:166.51,168.3 1 0
github.com/cuihairu/cockpit/internal/github/client.go:170.2,170.18 1 1
github.com/cuihairu/cockpit/internal/github/client.go:174.95,178.16 3 1
github.com/cuihairu/cockpit/internal/github/client.go:178.16,180.3 1 0
github.com/cuihairu/cockpit/internal/github/client.go:182.2,182.12 1 1
github.com/cuihairu/cockpit/internal/github/client.go:186.96,190.16 3 1
github.com/cuihairu/cockpit/internal/github/client.go:190.16,192.3 1 0
github.com/cuihairu/cockpit/internal/github/client.go:194.2,194.12 1 1
github.com/cuihairu/cockpit/internal/github/client.go:221.128,223.22 2 1
github.com/cuihairu/cockpit/internal/github/client.go:223.22,225.3 1 1
github.com/cuihairu/cockpit/internal/github/client.go:226.2,226.19 1 1
github.com/cuihairu/cockpit/internal/github/client.go:226.19,227.23 1 1
github.com/cuihairu/cockpit/internal/github/client.go:227.23,229.4 1 1
github.com/cuihairu/cockpit/internal/github/client.go:229.9,231.4 1 1
github.com/cuihairu/cockpit/internal/github/client.go:232.3,232.44 1 1
github.com/cuihairu/cockpit/internal/github/client.go:235.2,236.16 2 1
github.com/cuihairu/cockpit/internal/github/client.go:236.16,238.3 1 0
github.com/cuihairu/cockpit/internal/github/client.go:240.2,244.52 2 1
github.com/cuihairu/cockpit/internal/github/client.go:244.52,246.3 1 0
github.com/cuihairu/cockpit/internal/github/client.go:248.2,248.23 1 1
github.com/cuihairu/cockpit/internal/github/client.go:263.94,267.16 3 1
github.com/cuihairu/cockpit/internal/github/client.go:267.16,269.3 1 0
github.com/cuihairu/cockpit/internal/github/client.go:271.2,272.49 2 1
github.com/cuihairu/cockpit/internal/github/client.go:272.49,274.3 1 0
github.com/cuihairu/cockpit/internal/github/client.go:276.2,276.16 1 1
github.com/cuihairu/cockpit/internal/github/client.go:289.108,291.16 2 1
github.com/cuihairu/cockpit/internal/github/client.go:291.16,293.3 1 0
github.com/cuihairu/cockpit/internal/github/client.go:295.2,298.27 3 1
github.com/cuihairu/cockpit/internal/github/client.go:298.27,299.21 1 1
github.com/cuihairu/cockpit/internal/github/client.go:300.20,301.35 1 1
github.com/cuihairu/cockpit/internal/github/client.go:301.35,303.5 1 1
github.com/cuihairu/cockpit/internal/github/client.go:303.10,305.5 1 1
github.com/cuihairu/cockpit/internal/github/client.go:306.28,307.20 1 1
github.com/cuihairu/cockpit/internal/github/client.go:308.22,309.20 1 1
github.com/cuihairu/cockpit/internal/github/client.go:313.2,313.20 1 1
github.com/cuihairu/cockpit/internal/github/client.go:323.122,327.16 3 1
github.com/cuihairu/cockpit/internal/github/client.go:327.16,329.3 1 0
github.com/cuihairu/cockpit/internal/github/client.go:331.2,332.16 2 1
github.com/cuihairu/cockpit/internal/github/client.go:332.16,334.3 1 0
github.com/cuihairu/cockpit/internal/github/client.go:336.2,336.12 1 1
github.com/cuihairu/cockpit/internal/github/client.go:356.111,358.22 2 1
github.com/cuihairu/cockpit/internal/github/client.go:358.22,360.3 1 1
github.com/cuihairu/cockpit/internal/github/client.go:361.2,361.19 1 1
github.com/cuihairu/cockpit/internal/github/client.go:361.19,362.23 1 1
github.com/cuihairu/cockpit/internal/github/client.go:362.23,364.4 1 1
github.com/cuihairu/cockpit/internal/github/client.go:364.9,366.4 1 0
github.com/cuihairu/cockpit/internal/github/client.go:367.3,367.44 1 1
github.com/cuihairu/cockpit/internal/github/client.go:370.2,371.16 2 1
github.com/cuihairu/cockpit/internal/github/client.go:371.16,373.3 1 0
github.com/cuihairu/cockpit/internal/github/client.go:375.2,379.52 2 1
github.com/cuihairu/cockpit/internal/github/client.go:379.52,381.3 1 0
github.com/cuihairu/cockpit/internal/github/client.go:383.2,383.28 1 1
github.com/cuihairu/cockpit/internal/github/client.go:387.114,391.16 3 1
github.com/cuihairu/cockpit/internal/github/client.go:391.16,393.3 1 0
github.com/cuihairu/cockpit/internal/github/client.go:395.2,399.52 2 1
github.com/cuihairu/cockpit/internal/github/client.go:399.52,401.3 1 0
github.com/cuihairu/cockpit/internal/github/client.go:403.2,403.28 1 1
github.com/cuihairu/cockpit/internal/github/client.go:407.111,411.16 3 1
github.com/cuihairu/cockpit/internal/github/client.go:411.16,413.3 1 1
github.com/cuihairu/cockpit/internal/github/client.go:415.2,415.18 1 1
github.com/cuihairu/cockpit/internal/github/client.go:419.98,423.16 3 1
github.com/cuihairu/cockpit/internal/github/client.go:423.16,425.3 1 0
github.com/cuihairu/cockpit/internal/github/client.go:427.2,427.12 1 1
github.com/cuihairu/cockpit/internal/github/client.go:431.72,435.16 3 1
github.com/cuihairu/cockpit/internal/github/client.go:435.16,437.3 1 0
github.com/cuihairu/cockpit/internal/github/client.go:439.2,446.52 2 1
github.com/cuihairu/cockpit/internal/github/client.go:446.52,448.3 1 0
github.com/cuihairu/cockpit/internal/github/client.go:450.2,450.34 1 1
github.com/cuihairu/cockpit/internal/github/client.go:462.42,464.2 1 1
github.com/cuihairu/cockpit/internal/github/client.go:467.40,469.2 1 1
github.com/cuihairu/cockpit/internal/github/client.go:472.39,474.2 1 1
github.com/cuihairu/cockpit/internal/github/client.go:477.40,479.2 1 1
github.com/cuihairu/cockpit/internal/github/client.go:482.40,484.2 1 1
github.com/cuihairu/cockpit/internal/github/client.go:487.51,490.21 2 1
github.com/cuihairu/cockpit/internal/github/client.go:490.21,492.3 1 1
github.com/cuihairu/cockpit/internal/github/client.go:492.8,492.34 1 1
github.com/cuihairu/cockpit/internal/github/client.go:492.34,494.3 1 1
github.com/cuihairu/cockpit/internal/github/client.go:495.2,495.22 1 1
github.com/cuihairu/cockpit/internal/github/client.go:495.22,497.3 1 0
github.com/cuihairu/cockpit/internal/github/client.go:498.2,498.33 1 1
github.com/cuihairu/cockpit/internal/agent/rpc/handlers.go:24.28,28.2 1 1
github.com/cuihairu/cockpit/internal/agent/rpc/handlers.go:31.57,37.2 4 1
github.com/cuihairu/cockpit/internal/agent/rpc/handlers.go:40.76,42.9 2 1
github.com/cuihairu/cockpit/internal/agent/rpc/handlers.go:42.9,44.3 1 1
github.com/cuihairu/cockpit/internal/agent/rpc/handlers.go:46.2,52.16 4 1
github.com/cuihairu/cockpit/internal/agent/rpc/handlers.go:52.16,54.3 1 0
github.com/cuihairu/cockpit/internal/agent/rpc/handlers.go:56.2,60.9 4 1
github.com/cuihairu/cockpit/internal/agent/rpc/handlers.go:60.9,62.3 1 1
github.com/cuihairu/cockpit/internal/agent/rpc/handlers.go:65.2,66.16 2 1
github.com/cuihairu/cockpit/internal/agent/rpc/handlers.go:66.16,68.3 1 1
github.com/cuihairu/cockpit/internal/agent/rpc/handlers.go:70.2,75.18 3 1
github.com/cuihairu/cockpit/internal/agent/rpc/handlers.go:78.57,85.21 2 1
github.com/cuihairu/cockpit/internal/agent/rpc/handlers.go:85.21,87.3 1 1
github.com/cuihairu/cockpit/internal/agent/rpc/handlers.go:89.2,92.34 3 1
github.com/cuihairu/cockpit/internal/agent/rpc/handlers.go:95.37,98.23 3 1
github.com/cuihairu/cockpit/internal/agent/rpc/handlers.go:98.23,99.16 1 1
github.com/cuihairu/cockpit/internal/agent/rpc/handlers.go:99.16,100.21 1 1
github.com/cuihairu/cockpit/internal/agent/rpc/handlers.go:100.21,103.5 2 1
github.com/cuihairu/cockpit/internal/agent/rpc/handlers.go:104.9,106.4 1 1
github.com/cuihairu/cockpit/internal/agent/rpc/handlers.go:108.2,108.19 1 1
github.com/cuihairu/cockpit/internal/agent/rpc/handlers.go:108.19,110.3 1 1
github.com/cuihairu/cockpit/internal/agent/rpc/handlers.go:111.2,111.14 1 1
github.com/cuihairu/cockpit/internal/agent/rpc/handlers.go:114.40,116.29 2 1
github.com/cuihairu/cockpit/internal/agent/rpc/handlers.go:116.29,117.12 1 1
github.com/cuihairu/cockpit/internal/agent/rpc/handlers.go:117.12,119.4 1 1
github.com/cuihairu/cockpit/internal/agent/rpc/handlers.go:120.3,120.17 1 1
github.com/cuihairu/cockpit/internal/agent/rpc/handlers.go:122.2,122.15 1 1
github.com/cuihairu/cockpit/internal/agent/rpc/handlers.go:131.42,135.2 1 1
github.com/cuihairu/cockpit/internal/agent/rpc/handlers.go:137.40,137.59 1 1
github.com/cuihairu/cockpit/internal/agent/rpc/handlers.go:139.98,140.16 1 1
github.com/cuihairu/cockpit/internal/agent/rpc/handlers.go:141.16,142.26 1 1
github.com/cuihairu/cockpit/internal/agent/rpc/handlers.go:143.14,144.24 1 0
github.com/cuihairu/cockpit/internal/agent/rpc/handlers.go:145.17,149.9 1 1
github.com/cuihairu/cockpit/internal/agent/rpc/handlers.go:150.10,151.55 1 1
github.com/cuihairu/cockpit/internal/agent/rpc/handlers.go:155.85,166.2 2 1
github.com/cuihairu/cockpit/internal/agent/rpc/handlers.go:168.83,173.2 1 1
github.com/cuihairu/cockpit/internal/agent/rpc/handlers.go:182.73,192.2 2 1
github.com/cuihairu/cockpit/internal/agent/rpc/handlers.go:194.37,194.53 1 1
github.com/cuihairu/cockpit/internal/agent/rpc/handlers.go:196.95,197.16 1 1
github.com/cuihairu/cockpit/internal/agent/rpc/handlers.go:198.18,199.27 1 1
github.com/cuihairu/cockpit/internal/agent/rpc/handlers.go:200.17,201.25 1 1
github.com/cuihairu/cockpit/internal/agent/rpc/handlers.go:202.19,203.27 1 1
github.com/cuihairu/cockpit/internal/agent/rpc/handlers.go:204.18,205.26 1 1
github.com/cuihairu/cockpit/internal/agent/rpc/handlers.go:206.21,207.29 1 1
github.com/cuihairu/cockpit/internal/agent/rpc/handlers.go:208.21,209.29 1 1
github.com/cuihairu/cockpit/internal/agent/rpc/handlers.go:210.20,211.28 1 1
github.com/cuihairu/cockpit/internal/agent/rpc/handlers.go:212.25,213.34 1 1
github.com/cuihairu/cockpit/internal/agent/rpc/handlers.go:214.24,215.32 1 1
github.com/cuihairu/cockpit/internal/agent/rpc/handlers.go:216.26,217.34 1 1
github.com/cuihairu/cockpit/internal/agent/rpc/handlers.go:218.25,219.33 1 1
github.com/cuihairu/cockpit/internal/agent/rpc/handlers.go:220.28,221.36 1 1
github.com/cuihairu/cockpit/internal/agent/rpc/handlers.go:222.20,223.29 1 1
github.com/cuihairu/cockpit/internal/agent/rpc/handlers.go:224.22,225.31 1 1
github.com/cuihairu/cockpit/internal/agent/rpc/handlers.go:226.24,227.33 1 1
github.com/cuihairu/cockpit/internal/agent/rpc/handlers.go:228.26,229.34 1 1
github.com/cuihairu/cockpit/internal/agent/rpc/handlers.go:230.26,231.34 1 1
github.com/cuihairu/cockpit/internal/agent/rpc/handlers.go:232.10,233.59 1 1
github.com/cuihairu/cockpit/internal/agent/rpc/handlers.go:237.69,238.59 1 1
github.com/cuihairu/cockpit/internal/agent/rpc/handlers.go:238.59,240.3 1 1
github.com/cuihairu/cockpit/internal/agent/rpc/handlers.go:241.2,241.11 1 1
github.com/cuihairu/cockpit/internal/agent/rpc/handlers.go:244.83,247.16 3 1
github.com/cuihairu/cockpit/internal/agent/rpc/handlers.go:247.16,249.3 1 1
github.com/cuihairu/cockpit/internal/agent/rpc/handlers.go:250.2,250.17 1 1
github.com/cuihairu/cockpit/internal/agent/rpc/handlers.go:253.81,256.16 3 1
github.com/cuihairu/cockpit/internal/agent/rpc/handlers.go:256.16,258.3 1 1
github.com/cuihairu/cockpit/internal/agent/rpc/handlers.go:260.2,261.16 2 1
github.com/cuihairu/cockpit/internal/agent/rpc/handlers.go:261.16,263.3 1 1
github.com/cuihairu/cockpit/internal/agent/rpc/handlers.go:264.2,264.16 1 1
github.com/cuihairu/cockpit/internal/agent/rpc/handlers.go:267.83,270.16 3 1
github.com/cuihairu/cockpit/internal/agent/rpc/handlers.go:270.16,272.3 1 0
github.com/cuihairu/cockpit/internal/agent/rpc/handlers.go:274.2,274.53 1 1
github.com/cuihairu/cockpit/internal/agent/rpc/handlers.go:274.53,276.3 1 1
github.com/cuihairu/cockpit/internal/agent/rpc/handlers.go:277.2,277.71 1 1
github.com/cuihairu/cockpit/internal/agent/rpc/handlers.go:280.82,283.16 3 1
github.com/cuihairu/cockpit/internal/agent/rpc/handlers.go:283.16,285.3 1 0
github.com/cuihairu/cockpit/internal/agent/rpc/handlers.go:287.2,287.52 1 1
github.com/cuihairu/cockpit/internal/agent/rpc/handlers.go:287.52,289.3 1 1
github.com/cuihairu/cockpit/internal/agent/rpc/handlers.go:290.2,290.71 1 1
github.com/cuihairu/cockpit/internal/agent/rpc/handlers.go:293.85,296.16 3 1
github.com/cuihairu/cockpit/internal/agent/rpc/handlers.go:296.16,298.3 1 0
github.com/cuihairu/cockpit/internal/agent/rpc/handlers.go:300.2,300.55 1 1
github.com/cuihairu/cockpit/internal/agent/rpc/handlers.go:300.55,302.3 1 1
github.com/cuihairu/cockpit/internal/agent/rpc/handlers.go:303.2,303.73 1 1
github.com/cuihairu/cockpit/internal/agent/rpc/handlers.go:306.85,309.16 3 1
github.com/cuihairu/cockpit/internal/agent/rpc/handlers.go:309.16,311.3 1 0
github.com/cuihairu/cockpit/internal/agent/rpc/handlers.go:313.2,313.55 1 1
github.com/cuihairu/cockpit/internal/agent/rpc/handlers.go:313.55,315.3 1 1
github.com/cuihairu/cockpit/internal/agent/rpc/handlers.go:316.2,316.73 1 1
github.com/cuihairu/cockpit/internal/agent/rpc/handlers.go:319.84,322.16 3 1
github.com/cuihairu/cockpit/internal/agent/rpc/handlers.go:322.16,324.3 1 0
github.com/cuihairu/cockpit/internal/agent/rpc/handlers.go:326.2,326.54 1 1
github.com/cuihairu/cockpit/internal/agent/rpc/handlers.go:326.54,328.3 1 1
github.com/cuihairu/cockpit/internal/agent/rpc/handlers.go:329.2,329.71 1 1
github.com/cuihairu/cockpit/internal/agent/rpc/handlers.go:332.90,335.16 3 1
github.com/cuihairu/cockpit/internal/agent/rpc/handlers.go:335.16,337.3 1 1
github.com/cuihairu/cockpit/internal/agent/rpc/handlers.go:338.2,338.24 1 1
github.com/cuihairu/cockpit/internal/agent/rpc/handlers.go:341.88,344.16 3 1
github.com/cuihairu/cockpit/internal/agent/rpc/handlers.go:344.16,346.3 1 0
github.com/cuihairu/cockpit/internal/agent/rpc/handlers.go:348.2,349.16 2 1
github.com/cuihairu/cockpit/internal/agent/rpc/handlers.go:349.16,351.3 1 1
github.com/cuihairu/cockpit/internal/agent/rpc/handlers.go:352.2,352.23 1 1
github.com/cuihairu/cockpit/internal/agent/rpc/handlers.go:355.90,358.16 3 1
github.com/cuihairu/cockpit/internal/agent/rpc/handlers.go:358.16,360.3 1 0
github.com/cuihairu/cockpit/internal/agent/rpc/handlers.go:362.2,362.60 1 1
github.com/cuihairu/cockpit/internal/agent/rpc/handlers.go:362.60,364.3 1 1
github.com/cuihairu/cockpit/internal/agent/rpc/handlers.go:365.2,365.71 1 1
github.com/cuihairu/cockpit/internal/agent/rpc/handlers.go:368.89,371.16 3 1
github.com/cuihairu/cockpit/internal/agent/rpc/handlers.go:371.16,373.3 1 0
github.com/cuihairu/cockpit/internal/agent/rpc/handlers.go:375.2,375.59 1 1
github.com/cuihairu/cockpit/internal/agent/rpc/handlers.go:375.59,377.3 1 1
github.com/cuihairu/cockpit/internal/agent/rpc/handlers.go:378.2,378.71 1 1
github.com/cuihairu/cockpit/internal/agent/rpc/handlers.go:381.92,384.16 3 1
github.com/cuihairu/cockpit/internal/agent/rpc/handlers.go:384.16,386.3 1 0
github.com/cuihairu/cockpit/internal/agent/rpc/handlers.go:388.2,388.62 1 1
github.com/cuihairu/cockpit/internal/agent/rpc/handlers.go:388.62,390.3 1 1
github.com/cuihairu/cockpit/internal/agent/rpc/handlers.go:391.2,391.73 1 1
github.com/cuihairu/cockpit/internal/agent/rpc/handlers.go:394.85,396.16 2 1
github.com/cuihairu/cockpit/internal/agent/rpc/handlers.go:396.16,398.3 1 1
github.com/cuihairu/cockpit/internal/agent/rpc/handlers.go:399.2,399.19 1 1
github.com/cuihairu/cockpit/internal/agent/rpc/handlers.go:402.87,405.16 3 1
github.com/cuihairu/cockpit/internal/agent/rpc/handlers.go:405.16,407.3 1 1
github.com/cuihairu/cockpit/internal/agent/rpc/handlers.go:408.2,408.21 1 1
github.com/cuihairu/cockpit/internal/agent/rpc/handlers.go:411.89,414.16 3 1
github.com/cuihairu/cockpit/internal/agent/rpc/handlers.go:414.16,416.3 1 0
github.com/cuihairu/cockpit/internal/agent/rpc/handlers.go:418.2,419.16 2 1
github.com/cuihairu/cockpit/internal/agent/rpc/handlers.go:419.16,421.3 1 1
github.com/cuihairu/cockpit/internal/agent/rpc/handlers.go:422.2,422.23 1 1
github.com/cuihairu/cockpit/internal/agent/rpc/handlers.go:425.90,428.16 3 1
github.com/cuihairu/cockpit/internal/agent/rpc/handlers.go:428.16,430.3 1 0
github.com/cuihairu/cockpit/internal/agent/rpc/handlers.go:432.2,435.74 3 1
github.com/cuihairu/cockpit/internal/agent/rpc/handlers.go:435.74,437.3 1 1
github.com/cuihairu/cockpit/internal/agent/rpc/handlers.go:438.2,438.71 1 1
github.com/cuihairu/cockpit/internal/agent/rpc/handlers.go:441.90,444.16 3 1
github.com/cuihairu/cockpit/internal/agent/rpc/handlers.go:444.16,446.3 1 0
github.com/cuihairu/cockpit/internal/agent/rpc/handlers.go:448.2,449.23 2 1
github.com/cuihairu/cockpit/internal/agent/rpc/handlers.go:449.23,451.3 1 1
github.com/cuihairu/cockpit/internal/agent/rpc/handlers.go:453.2,453.68 1 1
github.com/cuihairu/cockpit/internal/agent/rpc/handlers.go:453.68,455.3 1 1
github.com/cuihairu/cockpit/internal/agent/rpc/handlers.go:456.2,456.71 1 1
github.com/cuihairu/cockpit/internal/agent/rpc/handlers.go:466.62,472.16 3 1
github.com/cuihairu/cockpit/internal/agent/rpc/handlers.go:472.16,474.3 1 1
github.com/cuihairu/cockpit/internal/agent/rpc/handlers.go:475.2,475.45 1 0
github.com/cuihairu/cockpit/internal/agent/rpc/handlers.go:478.40,478.59 1 1
github.com/cuihairu/cockpit/internal/agent/rpc/handlers.go:480.98,481.16 1 1
github.com/cuihairu/cockpit/internal/agent/rpc/handlers.go:482.25,483.34 1 1
github.com/cuihairu/cockpit/internal/agent/rpc/handlers.go:484.24,485.32 1 1
github.com/cuihairu/cockpit/internal/agent/rpc/handlers.go:486.26,487.34 1 1
github.com/cuihairu/cockpit/internal/agent/rpc/handlers.go:488.25,489.33 1 1
github.com/cuihairu/cockpit/internal/agent/rpc/handlers.go:490.28,491.36 1 1
github.com/cuihairu/cockpit/internal/agent/rpc/handlers.go:492.27,493.35 1 1
github.com/cuihairu/cockpit/internal/agent/rpc/handlers.go:494.26,495.34 1 1
github.com/cuihairu/cockpit/internal/agent/rpc/handlers.go:496.28,497.36 1 1
github.com/cuihairu/cockpit/internal/agent/rpc/handlers.go:498.25,499.27 1 1
github.com/cuihairu/cockpit/internal/agent/rpc/handlers.go:500.26,501.28 1 1
github.com/cuihairu/cockpit/internal/agent/rpc/handlers.go:502.21,503.30 1 1
github.com/cuihairu/cockpit/internal/agent/rpc/handlers.go:504.23,505.31 1 1
github.com/cuihairu/cockpit/internal/agent/rpc/handlers.go:506.21,507.29 1 1
github.com/cuihairu/cockpit/internal/agent/rpc/handlers.go:508.22,509.31 1 1
github.com/cuihairu/cockpit/internal/agent/rpc/handlers.go:510.24,511.32 1 1
github.com/cuihairu/cockpit/internal/agent/rpc/handlers.go:512.23,513.32 1 1
github.com/cuihairu/cockpit/internal/agent/rpc/handlers.go:514.21,515.33 1 1
github.com/cuihairu/cockpit/internal/agent/rpc/handlers.go:516.10,517.62 1 0
github.com/cuihairu/cockpit/internal/agent/rpc/handlers.go:521.93,524.16 3 1
github.com/cuihairu/cockpit/internal/agent/rpc/handlers.go:524.16,526.3 1 1
github.com/cuihairu/cockpit/internal/agent/rpc/handlers.go:527.2,527.24 1 1
github.com/cuihairu/cockpit/internal/agent/rpc/handlers.go:530.91,532.9 2 1
github.com/cuihairu/cockpit/internal/agent/rpc/handlers.go:532.9,534.3 1 0
github.com/cuihairu/cockpit/internal/agent/rpc/handlers.go:535.2,536.16 2 1
github.com/cuihairu/cockpit/internal/agent/rpc/handlers.go:536.16,538.3 1 1
github.com/cuihairu/cockpit/internal/agent/rpc/handlers.go:539.2,539.23 1 1
github.com/cuihairu/cockpit/internal/agent/rpc/handlers.go:542.93,544.9 2 1
github.com/cuihairu/cockpit/internal/agent/rpc/handlers.go:544.9,546.3 1 0
github.com/cuihairu/cockpit/internal/agent/rpc/handlers.go:547.2,547.52 1 1
github.com/cuihairu/cockpit/internal/agent/rpc/handlers.go:547.52,549.3 1 1
github.com/cuihairu/cockpit/internal/agent/rpc/handlers.go:550.2,550.67 1 1
github.com/cuihairu/cockpit/internal/agent/rpc/handlers.go:553.92,555.9 2 1
github.com/cuihairu/cockpit/internal/agent/rpc/handlers.go:555.9,557.3 1 0
github.com/cuihairu/cockpit/internal/agent/rpc/handlers.go:558.2,559.42 2 1
github.com/cuihairu/cockpit/internal/agent/rpc/handlers.go:559.42,561.3 1 0
github.com/cuihairu/cockpit/internal/agent/rpc/handlers.go:562.2,562.60 1 1
github.com/cuihairu/cockpit/internal/agent/rpc/handlers.go:562.60,564.3 1 1
github.com/cuihairu/cockpit/internal/agent/rpc/handlers.go:565.2,565.67 1 1
github.com/cuihairu/cockpit/internal/agent/rpc/handlers.go:568.95,570.9 2 1
github.com/cuihairu/cockpit/internal/agent/rpc/handlers.go:570.9,572.3 1 0
github.com/cuihairu/cockpit/internal/agent/rpc/handlers.go:573.2,574.42 2 1
github.com/cuihairu/cockpit/internal/agent/rpc/handlers.go:574.42,576.3 1 0
github.com/cuihairu/cockpit/internal/agent/rpc/handlers.go:577.2,577.63 1 1
github.com/cuihairu/cockpit/internal/agent/rpc/handlers.go:577.63,579.3 1 1
github.com/cuihairu/cockpit/internal/agent/rpc/handlers.go:580.2,580.69 1 1
github.com/cuihairu/cockpit/internal/agent/rpc/handlers.go:583.94,585.9 2 1
github.com/cuihairu/cockpit/internal/agent/rpc/handlers.go:585.9,587.3 1 0
github.com/cuihairu/cockpit/internal/agent/rpc/handlers.go:588.2,590.75 3 1
github.com/cuihairu/cockpit/internal/agent/rpc/handlers.go:590.75,592.3 1 1
github.com/cuihairu/cockpit/internal/agent/rpc/handlers.go:593.2,593.67 1 1
github.com/cuihairu/cockpit/internal/agent/rpc/handlers.go:596.93,598.9 2 1
github.com/cuihairu/cockpit/internal/agent/rpc/handlers.go:598.9,600.3 1 0
github.com/cuihairu/cockpit/internal/agent/rpc/handlers.go:601.2,601.52 1 1
github.com/cuihairu/cockpit/internal/agent/rpc/handlers.go:601.52,603.3 1 1
github.com/cuihairu/cockpit/internal/agent/rpc/handlers.go:604.2,604.66 1 1
github.com/cuihairu/cockpit/internal/agent/rpc/handlers.go:607.95,609.9 2 1
github.com/cuihairu/cockpit/internal/agent/rpc/handlers.go:609.9,611.3 1 0
github.com/cuihairu/cockpit/internal/agent/rpc/handlers.go:612.2,612.54 1 1
github.com/cuihairu/cockpit/internal/agent/rpc/handlers.go:612.54,614.3 1 1
github.com/cuihairu/cockpit/internal/agent/rpc/handlers.go:615.2,615.68 1 1
github.com/cuihairu/cockpit/internal/agent/rpc/handlers.go:618.86,620.9 2 1
github.com/cuihairu/cockpit/internal/agent/rpc/handlers.go:620.9,622.3 1 0
github.com/cuihairu/cockpit/internal/agent/rpc/handlers.go:623.2,631.16 8 1
github.com/cuihairu/cockpit/internal/agent/rpc/handlers.go:631.16,633.3 1 1
github.com/cuihairu/cockpit/internal/agent/rpc/handlers.go:634.2,634.18 1 1
github.com/cuihairu/cockpit/internal/agent/rpc/handlers.go:637.87,639.9 2 1
github.com/cuihairu/cockpit/internal/agent/rpc/handlers.go:639.9,641.3 1 0
github.com/cuihairu/cockpit/internal/agent/rpc/handlers.go:642.2,643.16 2 1
github.com/cuihairu/cockpit/internal/agent/rpc/handlers.go:643.16,645.3 1 1
github.com/cuihairu/cockpit/internal/agent/rpc/handlers.go:646.2,646.19 1 1
github.com/cuihairu/cockpit/internal/agent/rpc/handlers.go:649.89,652.16 3 1
github.com/cuihairu/cockpit/internal/agent/rpc/handlers.go:652.16,654.3 1 1
github.com/cuihairu/cockpit/internal/agent/rpc/handlers.go:655.2,655.20 1 1
github.com/cuihairu/cockpit/internal/agent/rpc/handlers.go:658.90,660.9 2 1
github.com/cuihairu/cockpit/internal/agent/rpc/handlers.go:660.9,662.3 1 0
github.com/cuihairu/cockpit/internal/agent/rpc/handlers.go:663.2,666.16 4 1
github.com/cuihairu/cockpit/internal/agent/rpc/handlers.go:666.16,668.3 1 1
github.com/cuihairu/cockpit/internal/agent/rpc/handlers.go:669.2,669.77 1 1
github.com/cuihairu/cockpit/internal/agent/rpc/handlers.go:672.88,674.9 2 1
github.com/cuihairu/cockpit/internal/agent/rpc/handlers.go:674.9,676.3 1 0
github.com/cuihairu/cockpit/internal/agent/rpc/handlers.go:677.2,678.16 2 1
github.com/cuihairu/cockpit/internal/agent/rpc/handlers.go:678.16,680.3 1 1
github.com/cuihairu/cockpit/internal/agent/rpc/handlers.go:681.2,681.71 1 1
github.com/cuihairu/cockpit/internal/agent/rpc/handlers.go:684.90,686.16 2 1
github.com/cuihairu/cockpit/internal/agent/rpc/handlers.go:686.16,688.3 1 1
github.com/cuihairu/cockpit/internal/agent/rpc/handlers.go:689.2,689.21 1 1
github.com/cuihairu/cockpit/internal/agent/rpc/handlers.go:692.91,694.9 2 1
github.com/cuihairu/cockpit/internal/agent/rpc/handlers.go:694.9,696.3 1 0
github.com/cuihairu/cockpit/internal/agent/rpc/handlers.go:697.2,698.59 2 1
github.com/cuihairu/cockpit/internal/agent/rpc/handlers.go:698.59,700.3 1 1
github.com/cuihairu/cockpit/internal/agent/rpc/handlers.go:701.2,701.71 1 1
github.com/cuihairu/cockpit/internal/agent/rpc/handlers.go:704.91,706.16 2 1
github.com/cuihairu/cockpit/internal/agent/rpc/handlers.go:706.16,708.3 1 1
github.com/cuihairu/cockpit/internal/agent/rpc/handlers.go:709.2,709.22 1 1
github.com/cuihairu/cockpit/internal/agent/rpc/handlers.go:712.92,714.16 2 1
github.com/cuihairu/cockpit/internal/agent/rpc/handlers.go:714.16,716.3 1 1
github.com/cuihairu/cockpit/internal/agent/rpc/handlers.go:717.2,717.18 1 1
github.com/cuihairu/cockpit/internal/agent/rpc/handlers.go:727.92,738.2 2 1
github.com/cuihairu/cockpit/internal/agent/rpc/handlers.go:740.41,740.61 1 1
github.com/cuihairu/cockpit/internal/agent/rpc/handlers.go:742.99,743.16 1 1
github.com/cuihairu/cockpit/internal/agent/rpc/handlers.go:744.21,745.33 1 0
github.com/cuihairu/cockpit/internal/agent/rpc/handlers.go:746.25,747.34 1 0
github.com/cuihairu/cockpit/internal/agent/rpc/handlers.go:748.24,749.32 1 0
github.com/cuihairu/cockpit/internal/agent/rpc/handlers.go:750.20,751.29 1 0
github.com/cuihairu/cockpit/internal/agent/rpc/handlers.go:752.24,753.36 1 0
github.com/cuihairu/cockpit/internal/agent/rpc/handlers.go:754.24,755.36 1 0
github.com/cuihairu/cockpit/internal/agent/rpc/handlers.go:756.28,757.40 1 0
github.com/cuihairu/cockpit/internal/agent/rpc/handlers.go:758.25,759.37 1 0
github.com/cuihairu/cockpit/internal/agent/rpc/handlers.go:760.21,761.32 1 0
github.com/cuihairu/cockpit/internal/agent/rpc/handlers.go:762.19,763.28 1 0
github.com/cuihairu/cockpit/internal/agent/rpc/handlers.go:764.20,765.29 1 0
github.com/cuihairu/cockpit/internal/agent/rpc/handlers.go:766.16,767.26 1 0
github.com/cuihairu/cockpit/internal/agent/rpc/handlers.go:768.17,769.31 1 0
github.com/cuihairu/cockpit/internal/agent/rpc/handlers.go:770.17,771.31 1 0
github.com/cuihairu/cockpit/internal/agent/rpc/handlers.go:772.10,773.63 1 1
github.com/cuihairu/cockpit/internal/agent/rpc/handlers.go:777.93,779.16 2 1
github.com/cuihairu/cockpit/internal/agent/rpc/handlers.go:779.16,781.3 1 1
github.com/cuihairu/cockpit/internal/agent/rpc/handlers.go:782.2,782.18 1 0
github.com/cuihairu/cockpit/internal/agent/rpc/handlers.go:785.94,787.16 2 1
github.com/cuihairu/cockpit/internal/agent/rpc/handlers.go:787.16,789.3 1 1
github.com/cuihairu/cockpit/internal/agent/rpc/handlers.go:790.2,790.24 1 0
github.com/cuihairu/cockpit/internal/agent/rpc/handlers.go:793.92,795.9 2 1
github.com/cuihairu/cockpit/internal/agent/rpc/handlers.go:795.9,797.3 1 1
github.com/cuihairu/cockpit/internal/agent/rpc/handlers.go:798.2,799.16 2 1
github.com/cuihairu/cockpit/internal/agent/rpc/handlers.go:799.16,801.3 1 1
github.com/cuihairu/cockpit/internal/agent/rpc/handlers.go:802.2,802.19 1 0
github.com/cuihairu/cockpit/internal/agent/rpc/handlers.go:805.89,807.16 2 1
github.com/cuihairu/cockpit/internal/agent/rpc/handlers.go:807.16,809.3 1 1
github.com/cuihairu/cockpit/internal/agent/rpc/handlers.go:810.2,810.20 1 0
github.com/cuihairu/cockpit/internal/agent/rpc/handlers.go:813.96,815.16 2 1
github.com/cuihairu/cockpit/internal/agent/rpc/handlers.go:815.16,817.3 1 1
github.com/cuihairu/cockpit/internal/agent/rpc/handlers.go:818.2,818.19 1 0
github.com/cuihairu/cockpit/internal/agent/rpc/handlers.go:821.96,823.16 2 1
github.com/cuihairu/cockpit/internal/agent/rpc/handlers.go:823.16,825.3 1 1
github.com/cuihairu/cockpit/internal/agent/rpc/handlers.go:826.2,826.19 1 0
github.com/cuihairu/cockpit/internal/agent/rpc/handlers.go:829.100,831.16 2 1
github.com/cuihairu/cockpit/internal/agent/rpc/handlers.go:831.16,833.3 1 1
github.com/cuihairu/cockpit/internal/agent/rpc/handlers.go:834.2,834.23 1 0
github.com/cuihairu/cockpit/internal/agent/rpc/handlers.go:837.97,839.16 2 1
github.com/cuihairu/cockpit/internal/agent/rpc/handlers.go:839.16,841.3 1 1
github.com/cuihairu/cockpit/internal/agent/rpc/handlers.go:842.2,842.20 1 0
github.com/cuihairu/cockpit/internal/agent/rpc/handlers.go:845.92,847.16 2 1
github.com/cuihairu/cockpit/internal/agent/rpc/handlers.go:847.16,849.3 1 1
github.com/cuihairu/cockpit/internal/agent/rpc/handlers.go:850.2,850.20 1 0
github.com/cuihairu/cockpit/internal/agent/rpc/handlers.go:853.88,855.9 2 1
github.com/cuihairu/cockpit/internal/agent/rpc/handlers.go:855.9,857.3 1 1
github.com/cuihairu/cockpit/internal/agent/rpc/handlers.go:858.2,859.16 2 1
github.com/cuihairu/cockpit/internal/agent/rpc/handlers.go:859.16,861.3 1 1
github.com/cuihairu/cockpit/internal/agent/rpc/handlers.go:862.2,862.56 1 0
github.com/cuihairu/cockpit/internal/agent/rpc/handlers.go:865.89,868.18 3 1
github.com/cuihairu/cockpit/internal/agent/rpc/handlers.go:868.18,870.3 1 1
github.com/cuihairu/cockpit/internal/agent/rpc/handlers.go:871.2,872.16 2 1
github.com/cuihairu/cockpit/internal/agent/rpc/handlers.go:872.16,874.3 1 1
github.com/cuihairu/cockpit/internal/agent/rpc/handlers.go:875.2,875.61 1 1
github.com/cuihairu/cockpit/internal/agent/rpc/handlers.go:875.61,877.3 1 1
github.com/cuihairu/cockpit/internal/agent/rpc/handlers.go:878.2,878.57 1 0
github.com/cuihairu/cockpit/internal/agent/rpc/handlers.go:881.86,882.42 1 1
github.com/cuihairu/cockpit/internal/agent/rpc/handlers.go:882.42,884.3 1 1
github.com/cuihairu/cockpit/internal/agent/rpc/handlers.go:885.2,885.59 1 0
github.com/cuihairu/cockpit/internal/agent/rpc/handlers.go:888.91,890.9 2 1
github.com/cuihairu/cockpit/internal/agent/rpc/handlers.go:890.9,892.3 1 1
github.com/cuihairu/cockpit/internal/agent/rpc/handlers.go:893.2,894.16 2 1
github.com/cuihairu/cockpit/internal/agent/rpc/handlers.go:894.16,896.3 1 1
github.com/cuihairu/cockpit/internal/agent/rpc/handlers.go:897.2,897.19 1 0
github.com/cuihairu/cockpit/internal/agent/rpc/handlers.go:900.91,903.18 3 1
github.com/cuihairu/cockpit/internal/agent/rpc/handlers.go:903.18,905.3 1 1
github.com/cuihairu/cockpit/internal/agent/rpc/handlers.go:906.2,906.58 1 1
github.com/cuihairu/cockpit/internal/agent/rpc/handlers.go:906.58,908.3 1 1
github.com/cuihairu/cockpit/internal/agent/rpc/handlers.go:909.2,909.53 1 0
github.com/cuihairu/cockpit/internal/docker/client.go:54.45,57.20 2 1
github.com/cuihairu/cockpit/internal/docker/client.go:57.20,59.3 1 1
github.com/cuihairu/cockpit/internal/docker/client.go:61.2,62.18 2 1
github.com/cuihairu/cockpit/internal/docker/client.go:62.18,64.3 1 0
github.com/cuihairu/cockpit/internal/docker/client.go:66.2,67.16 2 1
github.com/cuihairu/cockpit/internal/docker/client.go:67.16,69.3 1 0
github.com/cuihairu/cockpit/internal/docker/client.go:72.2,76.16 4 1
github.com/cuihairu/cockpit/internal/docker/client.go:76.16,78.3 1 1
github.com/cuihairu/cockpit/internal/docker/client.go:80.2,80.31 1 0
github.com/cuihairu/cockpit/internal/docker/client.go:84.32,86.2 1 1
github.com/cuihairu/cockpit/internal/docker/client.go:103.68,107.16 3 1
github.com/cuihairu/cockpit/internal/docker/client.go:107.16,109.3 1 1
github.com/cuihairu/cockpit/internal/docker/client.go:111.2,112.33 2 1
github.com/cuihairu/cockpit/internal/docker/client.go:112.33,114.25 2 1
github.com/cuihairu/cockpit/internal/docker/client.go:114.25,116.4 1 1
github.com/cuihairu/cockpit/internal/docker/client.go:117.3,126.4 1 1
github.com/cuihairu/cockpit/internal/docker/client.go:129.2,129.20 1 1
github.com/cuihairu/cockpit/internal/docker/client.go:133.66,137.16 3 1
github.com/cuihairu/cockpit/internal/docker/client.go:137.16,139.3 1 1
github.com/cuihairu/cockpit/internal/docker/client.go:142.2,143.23 2 1
github.com/cuihairu/cockpit/internal/docker/client.go:143.23,144.70 1 1
github.com/cuihairu/cockpit/internal/docker/client.go:144.70,146.4 1 1
github.com/cuihairu/cockpit/internal/docker/client.go:150.2,151.23 2 1
github.com/cuihairu/cockpit/internal/docker/client.go:151.23,153.3 1 1
github.com/cuihairu/cockpit/internal/docker/client.go:153.8,153.29 1 1
github.com/cuihairu/cockpit/internal/docker/client.go:153.29,155.3 1 1
github.com/cuihairu/cockpit/internal/docker/client.go:155.8,155.33 1 1
github.com/cuihairu/cockpit/internal/docker/client.go:155.33,157.3 1 1
github.com/cuihairu/cockpit/internal/docker/client.go:157.8,157.27 1 1
github.com/cuihairu/cockpit/internal/docker/client.go:157.27,159.3 1 1
github.com/cuihairu/cockpit/internal/docker/client.go:159.8,161.3 1 1
github.com/cuihairu/cockpit/internal/docker/client.go:163.2,172.8 1 1
github.com/cuihairu/cockpit/internal/docker/client.go:176.50,178.80 2 1
github.com/cuihairu/cockpit/internal/docker/client.go:178.80,180.3 1 1
github.com/cuihairu/cockpit/internal/docker/client.go:181.2,181.12 1 1
github.com/cuihairu/cockpit/internal/docker/client.go:185.63,187.94 2 1
github.com/cuihairu/cockpit/internal/docker/client.go:187.94,189.3 1 0
github.com/cuihairu/cockpit/internal/docker/client.go:190.2,190.12 1 1
github.com/cuihairu/cockpit/internal/docker/client.go:194.66,196.97 2 1
github.com/cuihairu/cockpit/internal/docker/client.go:196.97,198.3 1 0
github.com/cuihairu/cockpit/internal/docker/client.go:199.2,199.12 1 1
github.com/cuihairu/cockpit/internal/docker/client.go:203.78,208.17 2 1
github.com/cuihairu/cockpit/internal/docker/client.go:208.17,210.3 1 0
github.com/cuihairu/cockpit/internal/docker/client.go:211.2,211.12 1 1
github.com/cuihairu/cockpit/internal/docker/client.go:215.50,217.54 2 1
github.com/cuihairu/cockpit/internal/docker/client.go:217.54,219.3 1 0
github.com/cuihairu/cockpit/internal/docker/client.go:220.2,220.12 1 1
github.com/cuihairu/cockpit/internal/docker/client.go:224.52,226.56 2 1
github.com/cuihairu/cockpit/internal/docker/client.go:226.56,228.3 1 0
github.com/cuihairu/cockpit/internal/docker/client.go:229.2,229.12 1 1
github.com/cuihairu/cockpit/internal/docker/client.go:233.114,246.16 4 1
github.com/cuihairu/cockpit/internal/docker/client.go:246.16,248.3 1 0
github.com/cuihairu/cockpit/internal/docker/client.go:249.2,254.33 4 1
github.com/cuihairu/cockpit/internal/docker/client.go:254.33,256.3 1 0
github.com/cuihairu/cockpit/internal/docker/client.go:258.2,258.29 1 1
github.com/cuihairu/cockpit/internal/docker/client.go:262.79,266.16 3 1
github.com/cuihairu/cockpit/internal/docker/client.go:266.16,268.3 1 0
github.com/cuihairu/cockpit/internal/docker/client.go:269.2,280.20 5 1
github.com/cuihairu/cockpit/internal/docker/client.go:294.60,298.16 3 1
github.com/cuihairu/cockpit/internal/docker/client.go:298.16,300.3 1 1
github.com/cuihairu/cockpit/internal/docker/client.go:302.2,303.29 2 1
github.com/cuihairu/cockpit/internal/docker/client.go:303.29,310.3 1 1
github.com/cuihairu/cockpit/internal/docker/client.go:312.2,312.20 1 1
github.com/cuihairu/cockpit/internal/docker/client.go:316.86,323.16 3 1
github.com/cuihairu/cockpit/internal/docker/client.go:323.16,325.3 1 1
github.com/cuihairu/cockpit/internal/docker/client.go:327.2,328.25 2 1
github.com/cuihairu/cockpit/internal/docker/client.go:328.25,329.23 1 1
github.com/cuihairu/cockpit/internal/docker/client.go:329.23,331.4 1 1
github.com/cuihairu/cockpit/internal/docker/client.go:332.3,332.22 1 1
github.com/cuihairu/cockpit/internal/docker/client.go:332.22,334.4 1 1
github.com/cuihairu/cockpit/internal/docker/client.go:337.2,337.21 1 1
github.com/cuihairu/cockpit/internal/docker/client.go:341.56,345.16 3 1
github.com/cuihairu/cockpit/internal/docker/client.go:345.16,347.3 1 0
github.com/cuihairu/cockpit/internal/docker/client.go:348.2,352.6 3 1
github.com/cuihairu/cockpit/internal/docker/client.go:352.6,354.17 2 1
github.com/cuihairu/cockpit/internal/docker/client.go:354.17,355.9 1 1
github.com/cuihairu/cockpit/internal/docker/client.go:360.2,361.16 2 1
github.com/cuihairu/cockpit/internal/docker/client.go:361.16,363.3 1 1
github.com/cuihairu/cockpit/internal/docker/client.go:365.2,365.24 1 0
github.com/cuihairu/cockpit/internal/docker/client.go:379.54,383.16 3 1
github.com/cuihairu/cockpit/internal/docker/client.go:383.16,385.3 1 1
github.com/cuihairu/cockpit/internal/docker/client.go:387.2,388.38 2 1
github.com/cuihairu/cockpit/internal/docker/client.go:388.38,390.20 2 1
github.com/cuihairu/cockpit/internal/docker/client.go:390.20,392.4 1 1
github.com/cuihairu/cockpit/internal/docker/client.go:393.3,398.4 1 1
github.com/cuihairu/cockpit/internal/docker/client.go:401.2,401.20 1 1
github.com/cuihairu/cockpit/internal/docker/client.go:405.62,407.61 2 1
github.com/cuihairu/cockpit/internal/docker/client.go:407.61,409.3 1 1
github.com/cuihairu/cockpit/internal/docker/client.go:410.2,410.12 1 1
github.com/cuihairu/cockpit/internal/docker/client.go:423.56,427.16 3 1
github.com/cuihairu/cockpit/internal/docker/client.go:427.16,429.3 1 1
github.com/cuihairu/cockpit/internal/docker/client.go:431.2,432.31 2 1
github.com/cuihairu/cockpit/internal/docker/client.go:432.31,438.3 1 1
github.com/cuihairu/cockpit/internal/docker/client.go:440.2,440.20 1 1
github.com/cuihairu/cockpit/internal/docker/client.go:462.46,466.16 3 1
github.com/cuihairu/cockpit/internal/docker/client.go:466.16,468.3 1 1
github.com/cuihairu/cockpit/internal/docker/client.go:470.2,483.8 1 1
github.com/cuihairu/cockpit/internal/docker/client.go:487.51,490.16 3 1
github.com/cuihairu/cockpit/internal/docker/client.go:490.16,492.3 1 1
github.com/cuihairu/cockpit/internal/docker/client.go:493.2,493.17 1 1
github.com/cuihairu/cockpit/internal/health/checker.go:50.38,52.18 2 1
github.com/cuihairu/cockpit/internal/health/checker.go:52.18,54.3 1 1
github.com/cuihairu/cockpit/internal/health/checker.go:56.2,73.3 1 1
github.com/cuihairu/cockpit/internal/health/checker.go:77.81,81.85 2 1
github.com/cuihairu/cockpit/internal/health/checker.go:81.85,83.3 1 1
github.com/cuihairu/cockpit/internal/health/checker.go:85.2,89.16 4 1
github.com/cuihairu/cockpit/internal/health/checker.go:89.16,99.3 1 0
github.com/cuihairu/cockpit/internal/health/checker.go:101.2,102.16 2 1
github.com/cuihairu/cockpit/internal/health/checker.go:102.16,112.3 1 1
github.com/cuihairu/cockpit/internal/health/checker.go:113.2,119.61 5 1
github.com/cuihairu/cockpit/internal/health/checker.go:119.61,122.3 2 1
github.com/cuihairu/cockpit/internal/health/checker.go:122.8,122.35 1 1
github.com/cuihairu/cockpit/internal/health/checker.go:122.35,125.3 2 1
github.com/cuihairu/cockpit/internal/health/checker.go:125.8,125.35 1 1
github.com/cuihairu/cockpit/internal/health/checker.go:125.35,128.3 2 1
github.com/cuihairu/cockpit/internal/health/checker.go:130.2,139.3 1 1
github.com/cuihairu/cockpit/internal/health/checker.go:143.60,148.16 3 1
github.com/cuihairu/cockpit/internal/health/checker.go:148.16,150.36 1 1
github.com/cuihairu/cockpit/internal/health/checker.go:150.36,160.4 1 1
github.com/cuihairu/cockpit/internal/health/checker.go:161.3,162.14 2 1
github.com/cuihairu/cockpit/internal/health/checker.go:165.2,170.16 5 1
github.com/cuihairu/cockpit/internal/health/checker.go:170.16,180.3 1 1
github.com/cuihairu/cockpit/internal/health/checker.go:181.2,191.3 2 0
github.com/cuihairu/cockpit/internal/health/checker.go:195.83,198.18 2 1
github.com/cuihairu/cockpit/internal/health/checker.go:198.18,200.3 1 1
github.com/cuihairu/cockpit/internal/health/checker.go:202.2,203.16 2 1
github.com/cuihairu/cockpit/internal/health/checker.go:203.16,204.36 1 1
github.com/cuihairu/cockpit/internal/health/checker.go:204.36,214.4 1 1
github.com/cuihairu/cockpit/internal/health/checker.go:215.3,216.14 2 0
github.com/cuihairu/cockpit/internal/health/checker.go:219.2,220.16 2 1
github.com/cuihairu/cockpit/internal/health/checker.go:220.16,230.3 1 0
github.com/cuihairu/cockpit/internal/health/checker.go:231.2,238.16 4 1
github.com/cuihairu/cockpit/internal/health/checker.go:238.16,248.3 1 0
github.com/cuihairu/cockpit/internal/health/checker.go:250.2,258.3 1 1
github.com/cuihairu/cockpit/internal/health/checker.go:262.61,267.35 3 1
github.com/cuihairu/cockpit/internal/health/checker.go:267.35,269.17 2 0
github.com/cuihairu/cockpit/internal/health/checker.go:269.17,271.4 1 0
github.com/cuihairu/cockpit/internal/health/checker.go:275.2,276.16 2 1
github.com/cuihairu/cockpit/internal/health/checker.go:276.16,286.3 1 0
github.com/cuihairu/cockpit/internal/health/checker.go:288.2,288.19 1 1
github.com/cuihairu/cockpit/internal/health/checker.go:288.19,298.3 1 0
github.com/cuihairu/cockpit/internal/health/checker.go:301.2,305.16 3 1
github.com/cuihairu/cockpit/internal/health/checker.go:305.16,316.3 2 0
github.com/cuihairu/cockpit/internal/health/checker.go:319.2,327.3 1 1
github.com/cuihairu/cockpit/internal/health/checker.go:331.60,335.16 3 1
github.com/cuihairu/cockpit/internal/health/checker.go:335.16,345.3 1 1
github.com/cuihairu/cockpit/internal/health/checker.go:347.2,347.19 1 1
github.com/cuihairu/cockpit/internal/health/checker.go:347.19,357.3 1 0
github.com/cuihairu/cockpit/internal/health/checker.go:359.2,360.25 2 1
github.com/cuihairu/cockpit/internal/health/checker.go:360.25,362.3 1 1
github.com/cuihairu/cockpit/internal/health/checker.go:364.2,372.3 1 1
github.com/cuihairu/cockpit/internal/health/checker.go:376.61,380.16 3 1
github.com/cuihairu/cockpit/internal/health/checker.go:380.16,390.3 1 1
github.com/cuihairu/cockpit/internal/health/checker.go:392.2,393.16 2 1
github.com/cuihairu/cockpit/internal/health/checker.go:393.16,403.3 1 1
github.com/cuihairu/cockpit/internal/health/checker.go:405.2,409.16 4 1
github.com/cuihairu/cockpit/internal/health/checker.go:409.16,419.3 1 1
github.com/cuihairu/cockpit/internal/health/checker.go:420.2,425.16 4 1
github.com/cuihairu/cockpit/internal/health/checker.go:425.16,427.3 1 0
github.com/cuihairu/cockpit/internal/health/checker.go:429.2,437.3 1 1
github.com/cuihairu/cockpit/internal/health/checker.go:449.63,452.30 2 1
github.com/cuihairu/cockpit/internal/health/checker.go:452.30,453.36 1 1
github.com/cuihairu/cockpit/internal/health/checker.go:454.24,455.73 1 1
github.com/cuihairu/cockpit/internal/health/checker.go:456.22,457.53 1 1
github.com/cuihairu/cockpit/internal/health/checker.go:458.14,459.55 1 0
github.com/cuihairu/cockpit/internal/health/checker.go:460.15,461.53 1 1
github.com/cuihairu/cockpit/internal/health/checker.go:462.14,463.52 1 1
github.com/cuihairu/cockpit/internal/health/checker.go:464.11,466.45 1 1
github.com/cuihairu/cockpit/internal/health/checker.go:466.45,468.5 1 1
github.com/cuihairu/cockpit/internal/health/checker.go:468.10,468.48 1 1
github.com/cuihairu/cockpit/internal/health/checker.go:468.48,470.5 1 1
github.com/cuihairu/cockpit/internal/health/checker.go:470.10,472.5 1 1
github.com/cuihairu/cockpit/internal/health/checker.go:476.2,476.16 1 1
github.com/cuihairu/cockpit/internal/health/checker.go:480.49,481.23 1 1
github.com/cuihairu/cockpit/internal/health/checker.go:481.23,483.3 1 1
github.com/cuihairu/cockpit/internal/health/checker.go:485.2,488.28 3 1
github.com/cuihairu/cockpit/internal/health/checker.go:488.28,489.34 1 1
github.com/cuihairu/cockpit/internal/health/checker.go:489.34,491.4 1 1
github.com/cuihairu/cockpit/internal/health/checker.go:491.9,491.40 1 1
github.com/cuihairu/cockpit/internal/health/checker.go:491.40,493.4 1 1
github.com/cuihairu/cockpit/internal/health/checker.go:496.2,496.18 1 1
github.com/cuihairu/cockpit/internal/health/checker.go:496.18,498.3 1 1
github.com/cuihairu/cockpit/internal/health/checker.go:499.2,499.17 1 1
github.com/cuihairu/cockpit/internal/health/checker.go:499.17,501.3 1 1
github.com/cuihairu/cockpit/internal/health/checker.go:502.2,502.22 1 1
github.com/cuihairu/cockpit/internal/health/checker.go:506.35,508.2 1 1
github.com/cuihairu/cockpit/internal/health/checker.go:511.37,513.2 1 1
github.com/cuihairu/cockpit/internal/health/checker.go:516.37,518.2 1 1
github.com/cuihairu/cockpit/internal/health/checker.go:521.33,523.2 1 1
github.com/cuihairu/cockpit/internal/health/checker.go:526.48,527.85 1 1
github.com/cuihairu/cockpit/internal/health/checker.go:527.85,529.3 1 1
github.com/cuihairu/cockpit/internal/health/checker.go:530.2,530.26 1 1
github.com/cuihairu/cockpit/internal/config/config.go:81.41,83.19 2 1
github.com/cuihairu/cockpit/internal/config/config.go:83.19,85.6 1 1
github.com/cuihairu/cockpit/internal/config/config.go:88.5,91.70 3 1
github.com/cuihairu/cockpit/internal/config/config.go:91.70,93.6 1 0
github.com/cuihairu/cockpit/internal/config/config.go:95.5,95.21 1 1
github.com/cuihairu/cockpit/internal/config/config.go:99.48,103.71 2 1
github.com/cuihairu/cockpit/internal/config/config.go:103.71,106.49 2 1
github.com/cuihairu/cockpit/internal/config/config.go:106.49,108.10 1 1
github.com/cuihairu/cockpit/internal/config/config.go:109.9,109.18 1 0
github.com/cuihairu/cockpit/internal/config/config.go:114.41,116.19 2 1
github.com/cuihairu/cockpit/internal/config/config.go:116.19,140.6 1 1
github.com/cuihairu/cockpit/internal/config/config.go:141.5,141.15 1 0
github.com/cuihairu/cockpit/internal/openwrt/client.go:33.36,35.37 2 1
github.com/cuihairu/cockpit/internal/openwrt/client.go:35.37,37.3 1 1
github.com/cuihairu/cockpit/internal/openwrt/client.go:39.2,40.19 2 1
github.com/cuihairu/cockpit/internal/openwrt/client.go:40.19,41.24 1 1
github.com/cuihairu/cockpit/internal/openwrt/client.go:41.24,43.4 1 0
github.com/cuihairu/cockpit/internal/openwrt/client.go:43.9,45.4 1 1
github.com/cuihairu/cockpit/internal/openwrt/client.go:48.2,49.18 2 1
github.com/cuihairu/cockpit/internal/openwrt/client.go:49.18,51.3 1 1
github.com/cuihairu/cockpit/internal/openwrt/client.go:53.2,66.3 1 1
github.com/cuihairu/cockpit/internal/openwrt/client.go:98.98,101.16 2 1
github.com/cuihairu/cockpit/internal/openwrt/client.go:101.16,103.3 1 1
github.com/cuihairu/cockpit/internal/openwrt/client.go:106.2,119.16 3 1
github.com/cuihairu/cockpit/internal/openwrt/client.go:119.16,121.3 1 0
github.com/cuihairu/cockpit/internal/openwrt/client.go:123.2,124.16 2 1
github.com/cuihairu/cockpit/internal/openwrt/client.go:124.16,126.3 1 0
github.com/cuihairu/cockpit/internal/openwrt/client.go:127.2,130.16 3 1
github.com/cuihairu/cockpit/internal/openwrt/client.go:130.16,132.3 1 0
github.com/cuihairu/cockpit/internal/openwrt/client.go:133.2,136.16 3 1
github.com/cuihairu/cockpit/internal/openwrt/client.go:136.16,138.3 1 0
github.com/cuihairu/cockpit/internal/openwrt/client.go:140.2,140.28 1 1
github.com/cuihairu/cockpit/internal/openwrt/client.go:140.28,142.3 1 1
github.com/cuihairu/cockpit/internal/openwrt/client.go:144.2,145.55 2 1
github.com/cuihairu/cockpit/internal/openwrt/client.go:145.55,147.3 1 1
github.com/cuihairu/cockpit/internal/openwrt/client.go:149.2,149.26 1 1
github.com/cuihairu/cockpit/internal/openwrt/client.go:149.26,151.3 1 1
github.com/cuihairu/cockpit/internal/openwrt/client.go:154.2,154.34 1 1
github.com/cuihairu/cockpit/internal/openwrt/client.go:154.34,156.3 1 1
github.com/cuihairu/cockpit/internal/openwrt/client.go:158.2,158.18 1 0
github.com/cuihairu/cockpit/internal/openwrt/client.go:162.42,181.16 3 1
github.com/cuihairu/cockpit/internal/openwrt/client.go:181.16,183.3 1 0
github.com/cuihairu/cockpit/internal/openwrt/client.go:185.2,186.16 2 1
github.com/cuihairu/cockpit/internal/openwrt/client.go:186.16,188.3 1 1
github.com/cuihairu/cockpit/internal/openwrt/client.go:189.2,192.16 3 1
github.com/cuihairu/cockpit/internal/openwrt/client.go:192.16,194.3 1 0
github.com/cuihairu/cockpit/internal/openwrt/client.go:195.2,198.16 3 1
github.com/cuihairu/cockpit/internal/openwrt/client.go:198.16,200.3 1 0
github.com/cuihairu/cockpit/internal/openwrt/client.go:202.2,203.57 2 1
github.com/cuihairu/cockpit/internal/openwrt/client.go:203.57,205.3 1 1
github.com/cuihairu/cockpit/internal/openwrt/client.go:207.2,207.28 1 1
github.com/cuihairu/cockpit/internal/openwrt/client.go:207.28,209.3 1 1
github.com/cuihairu/cockpit/internal/openwrt/client.go:212.2,212.36 1 1
github.com/cuihairu/cockpit/internal/openwrt/client.go:212.36,213.72 1 1
github.com/cuihairu/cockpit/internal/openwrt/client.go:213.72,214.67 1 1
github.com/cuihairu/cockpit/internal/openwrt/client.go:214.67,216.5 1 1
github.com/cuihairu/cockpit/internal/openwrt/client.go:220.2,220.56 1 1
github.com/cuihairu/cockpit/internal/openwrt/client.go:242.55,244.16 2 1
github.com/cuihairu/cockpit/internal/openwrt/client.go:244.16,246.3 1 1
github.com/cuihairu/cockpit/internal/openwrt/client.go:248.2,249.52 2 1
github.com/cuihairu/cockpit/internal/openwrt/client.go:249.52,251.3 1 0
github.com/cuihairu/cockpit/internal/openwrt/client.go:253.2,253.19 1 1
github.com/cuihairu/cockpit/internal/openwrt/client.go:279.56,281.16 2 1
github.com/cuihairu/cockpit/internal/openwrt/client.go:281.16,283.3 1 1
github.com/cuihairu/cockpit/internal/openwrt/client.go:285.2,288.52 2 1
github.com/cuihairu/cockpit/internal/openwrt/client.go:288.52,290.3 1 1
github.com/cuihairu/cockpit/internal/openwrt/client.go:292.2,292.29 1 1
github.com/cuihairu/cockpit/internal/openwrt/client.go:296.64,300.16 2 1
github.com/cuihairu/cockpit/internal/openwrt/client.go:300.16,302.3 1 0
github.com/cuihairu/cockpit/internal/openwrt/client.go:304.2,305.53 2 1
github.com/cuihairu/cockpit/internal/openwrt/client.go:305.53,307.3 1 1
github.com/cuihairu/cockpit/internal/openwrt/client.go:309.2,309.20 1 1
github.com/cuihairu/cockpit/internal/openwrt/client.go:326.48,328.16 2 1
github.com/cuihairu/cockpit/internal/openwrt/client.go:328.16,330.3 1 0
github.com/cuihairu/cockpit/internal/openwrt/client.go:332.2,335.52 2 1
github.com/cuihairu/cockpit/internal/openwrt/client.go:335.52,337.3 1 0
github.com/cuihairu/cockpit/internal/openwrt/client.go:339.2,339.25 1 1
github.com/cuihairu/cockpit/internal/openwrt/client.go:378.61,380.16 2 1
github.com/cuihairu/cockpit/internal/openwrt/client.go:380.16,382.3 1 0
github.com/cuihairu/cockpit/internal/openwrt/client.go:384.2,385.53 2 1
github.com/cuihairu/cockpit/internal/openwrt/client.go:385.53,387.3 1 0
github.com/cuihairu/cockpit/internal/openwrt/client.go:389.2,389.19 1 1
github.com/cuihairu/cockpit/internal/openwrt/client.go:393.61,395.16 2 1
github.com/cuihairu/cockpit/internal/openwrt/client.go:395.16,397.3 1 0
github.com/cuihairu/cockpit/internal/openwrt/client.go:399.2,400.53 2 1
github.com/cuihairu/cockpit/internal/openwrt/client.go:400.53,402.3 1 0
github.com/cuihairu/cockpit/internal/openwrt/client.go:404.2,404.19 1 1
github.com/cuihairu/cockpit/internal/openwrt/client.go:408.69,410.16 2 1
github.com/cuihairu/cockpit/internal/openwrt/client.go:410.16,412.3 1 0
github.com/cuihairu/cockpit/internal/openwrt/client.go:414.2,415.57 2 1
github.com/cuihairu/cockpit/internal/openwrt/client.go:415.57,417.3 1 0
github.com/cuihairu/cockpit/internal/openwrt/client.go:419.2,419.23 1 1
github.com/cuihairu/cockpit/internal/openwrt/client.go:445.11,447.16 2 1
github.com/cuihairu/cockpit/internal/openwrt/client.go:447.16,449.3 1 0
github.com/cuihairu/cockpit/internal/openwrt/client.go:451.2,455.54 2 1
github.com/cuihairu/cockpit/internal/openwrt/client.go:455.54,457.3 1 0
github.com/cuihairu/cockpit/internal/openwrt/client.go:459.2,459.20 1 1
github.com/cuihairu/cockpit/internal/openwrt/client.go:471.53,475.16 2 1
github.com/cuihairu/cockpit/internal/openwrt/client.go:475.16,477.3 1 0
github.com/cuihairu/cockpit/internal/openwrt/client.go:479.2,484.54 2 1
github.com/cuihairu/cockpit/internal/openwrt/client.go:484.54,486.3 1 0
github.com/cuihairu/cockpit/internal/openwrt/client.go:490.2,490.26 1 1
github.com/cuihairu/cockpit/internal/openwrt/client.go:494.56,498.16 2 1
github.com/cuihairu/cockpit/internal/openwrt/client.go:498.16,500.3 1 0
github.com/cuihairu/cockpit/internal/openwrt/client.go:502.2,505.54 2 1
github.com/cuihairu/cockpit/internal/openwrt/client.go:505.54,507.3 1 0
github.com/cuihairu/cockpit/internal/openwrt/client.go:509.2,509.25 1 1
github.com/cuihairu/cockpit/internal/openwrt/client.go:513.66,520.2 2 1
github.com/cuihairu/cockpit/internal/openwrt/client.go:523.33,526.2 2 1
github.com/cuihairu/cockpit/internal/openwrt/client.go:535.62,539.16 2 1
github.com/cuihairu/cockpit/internal/openwrt/client.go:539.16,541.3 1 0
github.com/cuihairu/cockpit/internal/openwrt/client.go:543.2,544.53 2 1
github.com/cuihairu/cockpit/internal/openwrt/client.go:544.53,546.3 1 0
github.com/cuihairu/cockpit/internal/openwrt/client.go:548.2,548.20 1 1
github.com/cuihairu/cockpit/internal/openwrt/client.go:552.56,558.2 2 1
github.com/cuihairu/cockpit/internal/notification/client.go:24.56,25.16 1 1
github.com/cuihairu/cockpit/internal/notification/client.go:25.16,27.3 1 1
github.com/cuihairu/cockpit/internal/notification/client.go:29.2,30.49 2 1
github.com/cuihairu/cockpit/internal/notification/client.go:30.49,32.3 1 1
github.com/cuihairu/cockpit/internal/notification/client.go:34.2,39.3 1 1
github.com/cuihairu/cockpit/internal/notification/client.go:43.69,44.59 1 1
github.com/cuihairu/cockpit/internal/notification/client.go:44.59,46.3 1 0
github.com/cuihairu/cockpit/internal/notification/client.go:48.2,48.18 1 1
github.com/cuihairu/cockpit/internal/notification/client.go:48.18,50.3 1 0
github.com/cuihairu/cockpit/internal/notification/client.go:52.2,52.35 1 1
github.com/cuihairu/cockpit/internal/notification/client.go:52.35,54.3 1 0
github.com/cuihairu/cockpit/internal/notification/client.go:57.2,63.16 3 1
github.com/cuihairu/cockpit/internal/notification/client.go:63.16,65.3 1 0
github.com/cuihairu/cockpit/internal/notification/client.go:68.2,70.16 3 1
github.com/cuihairu/cockpit/internal/notification/client.go:70.16,72.3 1 0
github.com/cuihairu/cockpit/internal/notification/client.go:74.2,78.16 3 1
github.com/cuihairu/cockpit/internal/notification/client.go:78.16,80.3 1 0
github.com/cuihairu/cockpit/internal/notification/client.go:81.2,84.53 2 1
github.com/cuihairu/cockpit/internal/notification/client.go:84.53,87.3 2 1
github.com/cuihairu/cockpit/internal/notification/client.go:89.2,89.12 1 1
github.com/cuihairu/cockpit/internal/notification/client.go:93.77,94.33 1 1
github.com/cuihairu/cockpit/internal/notification/client.go:94.33,96.3 1 0
github.com/cuihairu/cockpit/internal/notification/client.go:98.2,99.18 2 1
github.com/cuihairu/cockpit/internal/notification/client.go:99.18,101.3 1 1
github.com/cuihairu/cockpit/internal/notification/client.go:103.2,103.32 1 1
github.com/cuihairu/cockpit/internal/notification/client.go:107.35,109.2 1 1
github.com/cuihairu/cockpit/internal/notification/client.go:112.56,113.20 1 1
github.com/cuihairu/cockpit/internal/notification/client.go:113.20,115.3 1 1
github.com/cuihairu/cockpit/internal/notification/client.go:117.2,117.43 1 1
github.com/cuihairu/cockpit/internal/notification/client.go:117.43,118.33 1 1
github.com/cuihairu/cockpit/internal/notification/client.go:118.33,120.4 1 1
github.com/cuihairu/cockpit/internal/notification/client.go:123.2,123.14 1 1
github.com/cuihairu/cockpit/internal/notification/client.go:127.97,128.42 1 1
github.com/cuihairu/cockpit/internal/notification/client.go:128.42,130.3 1 1
github.com/cuihairu/cockpit/internal/notification/client.go:132.2,132.12 1 1
github.com/cuihairu/cockpit/internal/notification/client.go:132.12,136.54 3 1
github.com/cuihairu/cockpit/internal/notification/client.go:136.54,138.4 1 1
github.com/cuihairu/cockpit/internal/notification/events.go:27.53,28.31 1 1
github.com/cuihairu/cockpit/internal/notification/events.go:28.31,30.3 1 1
github.com/cuihairu/cockpit/internal/notification/events.go:32.2,34.12 2 1
github.com/cuihairu/cockpit/internal/notification/events.go:35.21,36.49 1 1
github.com/cuihairu/cockpit/internal/notification/events.go:36.49,38.4 1 1
github.com/cuihairu/cockpit/internal/notification/events.go:39.3,39.44 1 1
github.com/cuihairu/cockpit/internal/notification/events.go:39.44,41.4 1 1
github.com/cuihairu/cockpit/internal/notification/events.go:42.3,42.45 1 1
github.com/cuihairu/cockpit/internal/notification/events.go:42.45,44.4 1 1
github.com/cuihairu/cockpit/internal/notification/events.go:45.17,46.71 1 1
github.com/cuihairu/cockpit/internal/notification/events.go:46.71,48.4 1 1
github.com/cuihairu/cockpit/internal/notification/events.go:49.15,50.73 1 1
github.com/cuihairu/cockpit/internal/notification/events.go:50.73,52.4 1 1
github.com/cuihairu/cockpit/internal/notification/events.go:53.16,54.71 1 1
github.com/cuihairu/cockpit/internal/notification/events.go:54.71,56.4 1 1
github.com/cuihairu/cockpit/internal/notification/events.go:59.2,59.11 1 1
github.com/cuihairu/cockpit/internal/notification/events.go:63.80,64.32 1 1
github.com/cuihairu/cockpit/internal/notification/events.go:64.32,66.3 1 1
github.com/cuihairu/cockpit/internal/notification/events.go:68.2,69.21 2 1
github.com/cuihairu/cockpit/internal/notification/events.go:69.21,71.3 1 1
github.com/cuihairu/cockpit/internal/notification/events.go:74.2,75.34 2 1
github.com/cuihairu/cockpit/internal/notification/events.go:75.34,77.3 1 0
github.com/cuihairu/cockpit/internal/notification/events.go:79.2,82.3 1 1
github.com/cuihairu/cockpit/internal/notification/events.go:86.63,93.29 5 1
github.com/cuihairu/cockpit/internal/notification/events.go:93.29,95.3 1 1
github.com/cuihairu/cockpit/internal/notification/events.go:96.2,96.31 1 1
github.com/cuihairu/cockpit/internal/notification/events.go:96.31,98.3 1 1
github.com/cuihairu/cockpit/internal/notification/events.go:100.2,100.15 1 1
github.com/cuihairu/cockpit/internal/pve/client.go:34.36,49.2 1 1
github.com/cuihairu/cockpit/internal/pve/client.go:52.78,56.17 3 1
github.com/cuihairu/cockpit/internal/pve/client.go:56.17,58.3 1 1
github.com/cuihairu/cockpit/internal/pve/client.go:60.2,61.16 2 1
github.com/cuihairu/cockpit/internal/pve/client.go:61.16,63.3 1 0
github.com/cuihairu/cockpit/internal/pve/client.go:66.2,70.16 4 1
github.com/cuihairu/cockpit/internal/pve/client.go:70.16,72.3 1 1
github.com/cuihairu/cockpit/internal/pve/client.go:73.2,76.16 3 1
github.com/cuihairu/cockpit/internal/pve/client.go:76.16,78.3 1 0
github.com/cuihairu/cockpit/internal/pve/client.go:80.2,80.28 1 1
github.com/cuihairu/cockpit/internal/pve/client.go:80.28,82.3 1 1
github.com/cuihairu/cockpit/internal/pve/client.go:84.2,84.22 1 1
github.com/cuihairu/cockpit/internal/pve/client.go:88.51,90.2 1 1
github.com/cuihairu/cockpit/internal/pve/client.go:93.70,95.16 2 1
github.com/cuihairu/cockpit/internal/pve/client.go:95.16,97.3 1 0
github.com/cuihairu/cockpit/internal/pve/client.go:98.2,98.44 1 1
github.com/cuihairu/cockpit/internal/pve/client.go:102.69,104.16 2 0
github.com/cuihairu/cockpit/internal/pve/client.go:104.16,106.3 1 0
github.com/cuihairu/cockpit/internal/pve/client.go:107.2,107.43 1 0
github.com/cuihairu/cockpit/internal/pve/client.go:111.51,113.2 1 1
github.com/cuihairu/cockpit/internal/pve/client.go:133.46,135.16 2 1
github.com/cuihairu/cockpit/internal/pve/client.go:135.16,137.3 1 1
github.com/cuihairu/cockpit/internal/pve/client.go:139.2,142.52 2 0
github.com/cuihairu/cockpit/internal/pve/client.go:142.52,144.3 1 0
github.com/cuihairu/cockpit/internal/pve/client.go:146.2,146.23 1 0
github.com/cuihairu/cockpit/internal/pve/client.go:150.60,152.16 2 1
github.com/cuihairu/cockpit/internal/pve/client.go:152.16,154.3 1 0
github.com/cuihairu/cockpit/internal/pve/client.go:156.2,159.52 2 1
github.com/cuihairu/cockpit/internal/pve/client.go:159.52,161.3 1 1
github.com/cuihairu/cockpit/internal/pve/client.go:163.2,163.24 1 0
github.com/cuihairu/cockpit/internal/pve/client.go:194.53,195.16 1 1
github.com/cuihairu/cockpit/internal/pve/client.go:195.16,197.3 1 1
github.com/cuihairu/cockpit/internal/pve/client.go:198.2,198.16 1 1
github.com/cuihairu/cockpit/internal/pve/client.go:198.16,200.3 1 0
github.com/cuihairu/cockpit/internal/pve/client.go:202.2,203.16 2 1
github.com/cuihairu/cockpit/internal/pve/client.go:203.16,205.3 1 0
github.com/cuihairu/cockpit/internal/pve/client.go:207.2,210.52 2 1
github.com/cuihairu/cockpit/internal/pve/client.go:210.52,212.3 1 1
github.com/cuihairu/cockpit/internal/pve/client.go:214.2,214.23 1 0
github.com/cuihairu/cockpit/internal/pve/client.go:218.66,219.16 1 1
github.com/cuihairu/cockpit/internal/pve/client.go:219.16,221.3 1 1
github.com/cuihairu/cockpit/internal/pve/client.go:222.2,222.16 1 1
github.com/cuihairu/cockpit/internal/pve/client.go:222.16,224.3 1 1
github.com/cuihairu/cockpit/internal/pve/client.go:227.2,228.16 2 1
github.com/cuihairu/cockpit/internal/pve/client.go:228.16,230.3 1 1
github.com/cuihairu/cockpit/internal/pve/client.go:232.2,239.58 2 0
github.com/cuihairu/cockpit/internal/pve/client.go:239.58,241.3 1 0
github.com/cuihairu/cockpit/internal/pve/client.go:244.2,245.16 2 0
github.com/cuihairu/cockpit/internal/pve/client.go:245.16,247.3 1 0
github.com/cuihairu/cockpit/internal/pve/client.go:249.2,252.64 2 0
github.com/cuihairu/cockpit/internal/pve/client.go:252.64,254.3 1 0
github.com/cuihairu/cockpit/internal/pve/client.go:256.2,261.8 1 0
github.com/cuihairu/cockpit/internal/pve/client.go:287.55,288.16 1 1
github.com/cuihairu/cockpit/internal/pve/client.go:288.16,290.3 1 1
github.com/cuihairu/cockpit/internal/pve/client.go:291.2,291.16 1 1
github.com/cuihairu/cockpit/internal/pve/client.go:291.16,293.3 1 1
github.com/cuihairu/cockpit/internal/pve/client.go:295.2,296.12 2 1
github.com/cuihairu/cockpit/internal/pve/client.go:300.54,301.16 1 1
github.com/cuihairu/cockpit/internal/pve/client.go:301.16,303.3 1 1
github.com/cuihairu/cockpit/internal/pve/client.go:304.2,304.16 1 1
github.com/cuihairu/cockpit/internal/pve/client.go:304.16,306.3 1 1
github.com/cuihairu/cockpit/internal/pve/client.go:308.2,309.12 2 1
github.com/cuihairu/cockpit/internal/pve/client.go:313.57,314.16 1 1
github.com/cuihairu/cockpit/internal/pve/client.go:314.16,316.3 1 1
github.com/cuihairu/cockpit/internal/pve/client.go:317.2,317.16 1 1
github.com/cuihairu/cockpit/internal/pve/client.go:317.16,319.3 1 1
github.com/cuihairu/cockpit/internal/pve/client.go:321.2,322.12 2 1
github.com/cuihairu/cockpit/internal/pve/client.go:326.57,327.16 1 1
github.com/cuihairu/cockpit/internal/pve/client.go:327.16,329.3 1 1
github.com/cuihairu/cockpit/internal/pve/client.go:330.2,330.16 1 1
github.com/cuihairu/cockpit/internal/pve/client.go:330.16,332.3 1 1
github.com/cuihairu/cockpit/internal/pve/client.go:334.2,335.12 2 1
github.com/cuihairu/cockpit/internal/pve/client.go:339.56,340.16 1 1
github.com/cuihairu/cockpit/internal/pve/client.go:340.16,342.3 1 1
github.com/cuihairu/cockpit/internal/pve/client.go:343.2,343.16 1 1
github.com/cuihairu/cockpit/internal/pve/client.go:343.16,345.3 1 1
github.com/cuihairu/cockpit/internal/pve/client.go:347.2,348.12 2 1
github.com/cuihairu/cockpit/internal/pve/client.go:371.67,372.16 1 1
github.com/cuihairu/cockpit/internal/pve/client.go:372.16,374.3 1 1
github.com/cuihairu/cockpit/internal/pve/client.go:375.2,375.16 1 1
github.com/cuihairu/cockpit/internal/pve/client.go:375.16,377.3 1 1
github.com/cuihairu/cockpit/internal/pve/client.go:379.2,380.16 2 1
github.com/cuihairu/cockpit/internal/pve/client.go:380.16,382.3 1 0
github.com/cuihairu/cockpit/internal/pve/client.go:384.2,387.52 2 1
github.com/cuihairu/cockpit/internal/pve/client.go:387.52,389.3 1 1
github.com/cuihairu/cockpit/internal/pve/client.go:391.2,391.23 1 1
github.com/cuihairu/cockpit/internal/pve/client.go:395.80,396.16 1 1
github.com/cuihairu/cockpit/internal/pve/client.go:396.16,398.3 1 1
github.com/cuihairu/cockpit/internal/pve/client.go:399.2,399.16 1 1
github.com/cuihairu/cockpit/internal/pve/client.go:399.16,401.3 1 1
github.com/cuihairu/cockpit/internal/pve/client.go:404.2,405.16 2 1
github.com/cuihairu/cockpit/internal/pve/client.go:405.16,407.3 1 1
github.com/cuihairu/cockpit/internal/pve/client.go:409.2,412.58 2 1
github.com/cuihairu/cockpit/internal/pve/client.go:412.58,414.3 1 0
github.com/cuihairu/cockpit/internal/pve/client.go:417.2,418.16 2 1
github.com/cuihairu/cockpit/internal/pve/client.go:418.16,420.3 1 0
github.com/cuihairu/cockpit/internal/pve/client.go:422.2,425.64 2 1
github.com/cuihairu/cockpit/internal/pve/client.go:425.64,427.3 1 0
github.com/cuihairu/cockpit/internal/pve/client.go:429.2,432.8 1 1
github.com/cuihairu/cockpit/internal/pve/client.go:442.62,443.16 1 1
github.com/cuihairu/cockpit/internal/pve/client.go:443.16,445.3 1 1
github.com/cuihairu/cockpit/internal/pve/client.go:446.2,446.16 1 1
github.com/cuihairu/cockpit/internal/pve/client.go:446.16,448.3 1 1
github.com/cuihairu/cockpit/internal/pve/client.go:450.2,451.12 2 1
github.com/cuihairu/cockpit/internal/pve/client.go:455.61,456.16 1 1
github.com/cuihairu/cockpit/internal/pve/client.go:456.16,458.3 1 1
[...]
github.com/cuihairu/cockpit/internal/agent/agent.go:227.47,229.3 1 0
github.com/cuihairu/cockpit/internal/agent/agent.go:231.2,232.12 2 0
github.com/cuihairu/cockpit/internal/agent/agent.go:236.52,244.46 2 1
github.com/cuihairu/cockpit/internal/agent/agent.go:244.46,246.3 1 1
github.com/cuihairu/cockpit/internal/agent/agent.go:247.2,247.44 1 1
github.com/cuihairu/cockpit/internal/agent/agent.go:247.44,249.3 1 1
github.com/cuihairu/cockpit/internal/agent/agent.go:252.2,252.29 1 1
github.com/cuihairu/cockpit/internal/agent/agent.go:252.29,253.58 1 1
github.com/cuihairu/cockpit/internal/agent/agent.go:253.58,255.4 1 1
github.com/cuihairu/cockpit/internal/agent/agent.go:257.2,257.27 1 1
github.com/cuihairu/cockpit/internal/agent/agent.go:257.27,258.52 1 1
github.com/cuihairu/cockpit/internal/agent/agent.go:258.52,260.4 1 1
github.com/cuihairu/cockpit/internal/agent/agent.go:263.2,263.12 1 1
github.com/cuihairu/cockpit/internal/agent/agent.go:267.33,271.6 3 0
github.com/cuihairu/cockpit/internal/agent/agent.go:271.6,272.10 1 0
github.com/cuihairu/cockpit/internal/agent/agent.go:273.19,274.21 1 0
github.com/cuihairu/cockpit/internal/agent/agent.go:275.23,276.10 1 0
github.com/cuihairu/cockpit/internal/agent/agent.go:282.33,287.17 4 1
github.com/cuihairu/cockpit/internal/agent/agent.go:287.17,289.3 1 1
github.com/cuihairu/cockpit/internal/agent/agent.go:291.2,297.24 2 0
github.com/cuihairu/cockpit/internal/agent/agent.go:297.24,300.3 2 0
github.com/cuihairu/cockpit/internal/agent/agent.go:302.2,304.56 2 0
github.com/cuihairu/cockpit/internal/agent/agent.go:304.56,308.3 2 0
github.com/cuihairu/cockpit/internal/agent/agent.go:312.31,313.6 1 0
github.com/cuihairu/cockpit/internal/agent/agent.go:313.6,314.10 1 0
github.com/cuihairu/cockpit/internal/agent/agent.go:315.23,316.10 1 0
github.com/cuihairu/cockpit/internal/agent/agent.go:317.11,317.11 0 0
github.com/cuihairu/cockpit/internal/agent/agent.go:320.3,324.18 4 0
github.com/cuihairu/cockpit/internal/agent/agent.go:324.18,326.12 2 0
github.com/cuihairu/cockpit/internal/agent/agent.go:329.3,330.17 2 0
github.com/cuihairu/cockpit/internal/agent/agent.go:330.17,334.4 3 0
github.com/cuihairu/cockpit/internal/agent/agent.go:336.3,336.23 1 0
github.com/cuihairu/cockpit/internal/agent/agent.go:341.54,344.18 2 1
github.com/cuihairu/cockpit/internal/agent/agent.go:345.32,346.20 1 1
github.com/cuihairu/cockpit/internal/agent/agent.go:347.38,348.26 1 1
github.com/cuihairu/cockpit/internal/agent/agent.go:349.37,351.39 1 1
github.com/cuihairu/cockpit/internal/agent/agent.go:352.36,353.37 1 1
github.com/cuihairu/cockpit/internal/agent/agent.go:354.37,355.38 1 1
github.com/cuihairu/cockpit/internal/agent/agent.go:356.38,357.39 1 1
github.com/cuihairu/cockpit/internal/agent/agent.go:358.38,359.41 1 1
github.com/cuihairu/cockpit/internal/agent/agent.go:360.39,361.42 1 1
github.com/cuihairu/cockpit/internal/agent/agent.go:362.40,363.43 1 1
github.com/cuihairu/cockpit/internal/agent/agent.go:364.10,365.51 1 1
github.com/cuihairu/cockpit/internal/agent/agent.go:370.51,381.17 6 1
github.com/cuihairu/cockpit/internal/agent/agent.go:381.17,383.3 1 0
github.com/cuihairu/cockpit/internal/agent/agent.go:387.57,392.16 3 1
github.com/cuihairu/cockpit/internal/agent/agent.go:392.16,399.3 3 1
github.com/cuihairu/cockpit/internal/agent/agent.go:401.2,405.17 4 1
github.com/cuihairu/cockpit/internal/agent/agent.go:405.17,406.58 1 0
github.com/cuihairu/cockpit/internal/agent/agent.go:406.58,408.4 1 0
github.com/cuihairu/cockpit/internal/agent/agent.go:413.29,417.19 3 0
github.com/cuihairu/cockpit/internal/agent/agent.go:417.19,420.3 2 0
github.com/cuihairu/cockpit/internal/agent/agent.go:421.2,427.6 4 0
github.com/cuihairu/cockpit/internal/agent/agent.go:427.6,428.10 1 0
github.com/cuihairu/cockpit/internal/agent/agent.go:429.23,430.10 1 0
github.com/cuihairu/cockpit/internal/agent/agent.go:431.11,431.11 0 0
github.com/cuihairu/cockpit/internal/agent/agent.go:434.3,434.37 1 0
github.com/cuihairu/cockpit/internal/agent/agent.go:434.37,437.12 3 0
github.com/cuihairu/cockpit/internal/agent/agent.go:440.3,440.38 1 0
github.com/cuihairu/cockpit/internal/agent/agent.go:440.38,443.12 3 0
github.com/cuihairu/cockpit/internal/agent/agent.go:446.3,448.9 3 0
github.com/cuihairu/cockpit/internal/agent/collector.go:24.32,28.2 1 1
github.com/cuihairu/cockpit/internal/agent/collector.go:31.59,35.91 2 1
github.com/cuihairu/cockpit/internal/agent/collector.go:35.91,37.3 1 1
github.com/cuihairu/cockpit/internal/agent/collector.go:38.2,38.50 1 1
github.com/cuihairu/cockpit/internal/agent/collector.go:38.50,40.3 1 1
github.com/cuihairu/cockpit/internal/agent/collector.go:42.2,45.53 2 1
github.com/cuihairu/cockpit/internal/agent/collector.go:45.53,50.3 4 1
github.com/cuihairu/cockpit/internal/agent/collector.go:53.2,53.50 1 1
github.com/cuihairu/cockpit/internal/agent/collector.go:53.50,58.3 4 1
github.com/cuihairu/cockpit/internal/agent/collector.go:61.2,61.77 1 1
github.com/cuihairu/cockpit/internal/agent/collector.go:61.77,64.33 3 1
github.com/cuihairu/cockpit/internal/agent/collector.go:64.33,67.4 2 1
github.com/cuihairu/cockpit/internal/agent/collector.go:68.3,72.29 5 1
github.com/cuihairu/cockpit/internal/agent/collector.go:76.2,76.46 1 1
github.com/cuihairu/cockpit/internal/agent/collector.go:76.46,82.3 5 1
github.com/cuihairu/cockpit/internal/agent/collector.go:85.2,85.45 1 1
github.com/cuihairu/cockpit/internal/agent/collector.go:85.45,89.3 3 1
github.com/cuihairu/cockpit/internal/agent/collector.go:91.2,91.13 1 1
github.com/cuihairu/cockpit/internal/agent/collector.go:95.64,99.81 2 1
github.com/cuihairu/cockpit/internal/agent/collector.go:99.81,101.3 1 1
github.com/cuihairu/cockpit/internal/agent/collector.go:104.2,104.53 1 1
github.com/cuihairu/cockpit/internal/agent/collector.go:104.53,109.3 4 1
github.com/cuihairu/cockpit/internal/agent/collector.go:112.2,112.50 1 1
github.com/cuihairu/cockpit/internal/agent/collector.go:112.50,117.3 4 1
github.com/cuihairu/cockpit/internal/agent/collector.go:120.2,120.46 1 1
github.com/cuihairu/cockpit/internal/agent/collector.go:120.46,126.3 5 1
github.com/cuihairu/cockpit/internal/agent/collector.go:128.2,128.13 1 1
github.com/cuihairu/cockpit/internal/agent/collector.go:132.46,140.2 1 1
github.com/cuihairu/cockpit/internal/agent/collector.go:143.43,145.2 1 1
github.com/cuihairu/cockpit/internal/agent/collector.go:148.56,150.2 1 1
github.com/cuihairu/cockpit/internal/agent/collector.go:153.54,155.2 1 1
github.com/cuihairu/cockpit/internal/agent/virtualization.go:51.49,52.21 1 1
github.com/cuihairu/cockpit/internal/agent/virtualization.go:52.21,54.3 1 1
github.com/cuihairu/cockpit/internal/agent/virtualization.go:55.2,55.23 1 1
github.com/cuihairu/cockpit/internal/agent/virtualization.go:59.53,66.62 2 1
github.com/cuihairu/cockpit/internal/agent/virtualization.go:66.62,67.21 1 0
github.com/cuihairu/cockpit/internal/agent/virtualization.go:67.21,71.4 3 0
github.com/cuihairu/cockpit/internal/agent/virtualization.go:75.2,76.13 2 1
github.com/cuihairu/cockpit/internal/agent/virtualization.go:80.55,87.19 2 1
github.com/cuihairu/cockpit/internal/agent/virtualization.go:87.19,91.3 3 0
github.com/cuihairu/cockpit/internal/agent/virtualization.go:94.2,94.83 1 1
github.com/cuihairu/cockpit/internal/agent/virtualization.go:94.83,96.46 2 0
github.com/cuihairu/cockpit/internal/agent/virtualization.go:96.46,100.4 3 0
github.com/cuihairu/cockpit/internal/agent/virtualization.go:101.3,101.50 1 0
github.com/cuihairu/cockpit/internal/agent/virtualization.go:101.50,105.4 3 0
github.com/cuihairu/cockpit/internal/agent/virtualization.go:106.3,106.92 1 0
github.com/cuihairu/cockpit/internal/agent/virtualization.go:106.92,110.4 3 0
github.com/cuihairu/cockpit/internal/agent/virtualization.go:111.3,111.43 1 0
github.com/cuihairu/cockpit/internal/agent/virtualization.go:111.43,115.4 3 0
github.com/cuihairu/cockpit/internal/agent/virtualization.go:116.3,116.49 1 0
github.com/cuihairu/cockpit/internal/agent/virtualization.go:116.49,120.4 3 0
github.com/cuihairu/cockpit/internal/agent/virtualization.go:124.2,124.51 1 1
github.com/cuihairu/cockpit/internal/agent/virtualization.go:124.51,126.40 2 0
github.com/cuihairu/cockpit/internal/agent/virtualization.go:126.40,130.4 3 0
github.com/cuihairu/cockpit/internal/agent/virtualization.go:131.3,131.42 1 0
github.com/cuihairu/cockpit/internal/agent/virtualization.go:131.42,135.4 3 0
github.com/cuihairu/cockpit/internal/agent/virtualization.go:136.3,136.39 1 0
github.com/cuihairu/cockpit/internal/agent/virtualization.go:136.39,140.4 3 0
github.com/cuihairu/cockpit/internal/agent/virtualization.go:141.3,141.39 1 0
github.com/cuihairu/cockpit/internal/agent/virtualization.go:141.39,145.4 3 0
github.com/cuihairu/cockpit/internal/agent/virtualization.go:149.2,149.76 1 1
github.com/cuihairu/cockpit/internal/agent/virtualization.go:149.76,154.3 4 0
github.com/cuihairu/cockpit/internal/agent/virtualization.go:157.2,157.100 1 1
github.com/cuihairu/cockpit/internal/agent/virtualization.go:157.100,161.3 3 0
github.com/cuihairu/cockpit/internal/agent/virtualization.go:164.2,164.13 1 1
github.com/cuihairu/cockpit/internal/agent/virtualization.go:168.25,170.50 1 1
github.com/cuihairu/cockpit/internal/agent/virtualization.go:170.50,172.3 1 0
github.com/cuihairu/cockpit/internal/agent/virtualization.go:175.2,175.62 1 1
github.com/cuihairu/cockpit/internal/agent/virtualization.go:175.62,177.116 2 0
github.com/cuihairu/cockpit/internal/agent/virtualization.go:177.116,179.4 1 0
github.com/cuihairu/cockpit/internal/agent/virtualization.go:182.2,182.14 1 1
github.com/cuihairu/cockpit/internal/agent/virtualization.go:186.47,188.62 1 0
github.com/cuihairu/cockpit/internal/agent/virtualization.go:188.62,190.83 2 0
github.com/cuihairu/cockpit/internal/agent/virtualization.go:190.83,192.4 1 0
github.com/cuihairu/cockpit/internal/agent/virtualization.go:193.3,193.38 1 0
github.com/cuihairu/cockpit/internal/agent/virtualization.go:193.38,195.4 1 0
github.com/cuihairu/cockpit/internal/agent/virtualization.go:196.3,196.43 1 0
github.com/cuihairu/cockpit/internal/agent/virtualization.go:196.43,198.4 1 0
github.com/cuihairu/cockpit/internal/agent/virtualization.go:201.2,201.26 1 0
github.com/cuihairu/cockpit/internal/agent/virtualization.go:205.47,207.16 2 1
github.com/cuihairu/cockpit/internal/agent/virtualization.go:207.16,209.3 1 1
github.com/cuihairu/cockpit/internal/agent/virtualization.go:210.2,210.45 1 0
github.com/cuihairu/cockpit/internal/agent/virtualization.go:214.40,216.16 2 1
github.com/cuihairu/cockpit/internal/agent/virtualization.go:216.16,218.3 1 1
github.com/cuihairu/cockpit/internal/agent/virtualization.go:219.2,223.21 4 0
github.com/cuihairu/cockpit/internal/agent/virtualization.go:223.21,225.44 2 0
github.com/cuihairu/cockpit/internal/agent/virtualization.go:225.44,227.23 2 0
github.com/cuihairu/cockpit/internal/agent/virtualization.go:227.23,229.10 2 0
github.com/cuihairu/cockpit/internal/agent/virtualization.go:233.2,233.33 1 0
github.com/cuihairu/cockpit/internal/agent/virtualization.go:237.62,241.2 1 1
github.com/cuihairu/cockpit/internal/agent/virtualization.go:244.30,247.2 2 1
github.com/cuihairu/cockpit/internal/agent/virtualization.go:250.25,253.2 2 1
github.com/cuihairu/cockpit/internal/agent/virtualization.go:256.31,259.2 2 1
github.com/cuihairu/cockpit/internal/agent/virtualization_test_extra.go:9.58,12.17 2 0
github.com/cuihairu/cockpit/internal/agent/virtualization_test_extra.go:12.17,14.3 1 0
github.com/cuihairu/cockpit/internal/agent/virtualization_test_extra.go:16.2,16.56 1 0
github.com/cuihairu/cockpit/internal/agent/virtualization_test_extra.go:16.56,19.3 1 0
github.com/cuihairu/cockpit/internal/agent/virtualization_test_extra.go:22.47,24.16 2 0
github.com/cuihairu/cockpit/internal/agent/virtualization_test_extra.go:24.16,26.3 1 0
github.com/cuihairu/cockpit/internal/agent/virtualization_test_extra.go:29.43,35.16 5 0
github.com/cuihairu/cockpit/internal/agent/virtualization_test_extra.go:35.16,37.3 1 0
github.com/cuihairu/cockpit/internal/agent/virtualization_test_extra.go:38.2,38.26 1 0
github.com/cuihairu/cockpit/internal/agent/virtualization_test_extra.go:38.26,40.3 1 0
github.com/cuihairu/cockpit/internal/agent/virtualization_test_extra.go:43.51,45.16 2 0
github.com/cuihairu/cockpit/internal/agent/virtualization_test_extra.go:45.16,48.3 1 0
github.com/cuihairu/cockpit/internal/agent/virtualization_test_extra.go:51.45,56.2 2 0
github.com/cuihairu/cockpit/internal/agent/virtualization_test_extra.go:58.44,62.2 2 0
github.com/cuihairu/cockpit/internal/agent/virtualization_test_extra.go:64.35,66.16 2 0
github.com/cuihairu/cockpit/internal/agent/virtualization_test_extra.go:66.16,68.3 1 0
github.com/cuihairu/cockpit/internal/agent/virtualization_test_extra.go:69.2,69.18 1 0
github.com/cuihairu/cockpit/internal/agent/virtualization_test_extra.go:69.18,71.3 1 0
github.com/cuihairu/cockpit/internal/domain/monitor.go:42.38,44.18 2 1
github.com/cuihairu/cockpit/internal/domain/monitor.go:44.18,46.3 1 1
github.com/cuihairu/cockpit/internal/domain/monitor.go:48.2,49.21 2 1
github.com/cuihairu/cockpit/internal/domain/monitor.go:49.21,51.54 1 1
github.com/cuihairu/cockpit/internal/domain/monitor.go:51.54,53.4 1 0
github.com/cuihairu/cockpit/internal/domain/monitor.go:56.2,60.3 1 1
github.com/cuihairu/cockpit/internal/domain/monitor.go:64.55,67.36 2 1
github.com/cuihairu/cockpit/internal/domain/monitor.go:67.36,69.3 1 1
github.com/cuihairu/cockpit/internal/domain/monitor.go:71.2,72.16 2 1
github.com/cuihairu/cockpit/internal/domain/monitor.go:72.16,74.3 1 1
github.com/cuihairu/cockpit/internal/domain/monitor.go:76.2,76.35 1 0
github.com/cuihairu/cockpit/internal/domain/monitor.go:80.61,81.23 1 1
github.com/cuihairu/cockpit/internal/domain/monitor.go:81.23,83.3 1 1
github.com/cuihairu/cockpit/internal/domain/monitor.go:85.2,89.25 4 1
github.com/cuihairu/cockpit/internal/domain/monitor.go:89.25,91.3 1 0
github.com/cuihairu/cockpit/internal/domain/monitor.go:93.2,95.16 3 1
github.com/cuihairu/cockpit/internal/domain/monitor.go:95.16,97.3 1 1
github.com/cuihairu/cockpit/internal/domain/monitor.go:99.2,99.28 1 0
github.com/cuihairu/cockpit/internal/domain/monitor.go:103.66,111.19 3 1
github.com/cuihairu/cockpit/internal/domain/monitor.go:111.19,113.17 2 1
github.com/cuihairu/cockpit/internal/domain/monitor.go:113.17,114.12 1 1
github.com/cuihairu/cockpit/internal/domain/monitor.go:118.3,119.22 2 1
github.com/cuihairu/cockpit/internal/domain/monitor.go:119.22,120.12 1 0
github.com/cuihairu/cockpit/internal/domain/monitor.go:123.3,126.14 3 1
github.com/cuihairu/cockpit/internal/domain/monitor.go:127.44,128.26 1 1
github.com/cuihairu/cockpit/internal/domain/monitor.go:129.70,130.40 1 1
github.com/cuihairu/cockpit/internal/domain/monitor.go:131.76,132.37 1 1
github.com/cuihairu/cockpit/internal/domain/monitor.go:133.47,134.19 1 1
github.com/cuihairu/cockpit/internal/domain/monitor.go:134.19,136.5 1 1
github.com/cuihairu/cockpit/internal/domain/monitor.go:137.50,138.19 1 1
github.com/cuihairu/cockpit/internal/domain/monitor.go:138.19,140.5 1 1
github.com/cuihairu/cockpit/internal/domain/monitor.go:141.17,142.68 1 1
github.com/cuihairu/cockpit/internal/domain/monitor.go:147.2,147.28 1 1
github.com/cuihairu/cockpit/internal/domain/monitor.go:147.28,150.3 2 1
github.com/cuihairu/cockpit/internal/domain/monitor.go:152.2,152.18 1 1
github.com/cuihairu/cockpit/internal/domain/monitor.go:171.49,175.33 2 1
github.com/cuihairu/cockpit/internal/domain/monitor.go:175.33,178.23 3 1
github.com/cuihairu/cockpit/internal/domain/monitor.go:178.23,179.62 1 1
github.com/cuihairu/cockpit/internal/domain/monitor.go:179.62,181.5 1 1
github.com/cuihairu/cockpit/internal/domain/monitor.go:185.2,185.20 1 1
github.com/cuihairu/cockpit/internal/domain/monitor.go:189.68,191.33 2 1
github.com/cuihairu/cockpit/internal/domain/monitor.go:191.33,193.17 2 1
github.com/cuihairu/cockpit/internal/domain/monitor.go:193.17,199.4 1 1
github.com/cuihairu/cockpit/internal/domain/monitor.go:199.9,201.4 1 0
github.com/cuihairu/cockpit/internal/domain/monitor.go:203.2,203.16 1 1
github.com/cuihairu/cockpit/internal/domain/monitor.go:207.47,208.17 1 1
github.com/cuihairu/cockpit/internal/domain/monitor.go:208.17,210.3 1 1
github.com/cuihairu/cockpit/internal/domain/monitor.go:211.2,211.50 1 1
github.com/cuihairu/cockpit/internal/domain/monitor.go:215.35,216.24 1 1
github.com/cuihairu/cockpit/internal/domain/monitor.go:216.24,218.3 1 1
github.com/cuihairu/cockpit/internal/domain/monitor.go:219.2,219.17 1 1
github.com/cuihairu/cockpit/internal/domain/monitor.go:219.17,221.3 1 1
github.com/cuihairu/cockpit/internal/domain/monitor.go:222.2,222.21 1 1
github.com/cuihairu/cockpit/internal/domain/monitor.go:222.21,224.3 1 1
github.com/cuihairu/cockpit/internal/domain/monitor.go:225.2,225.21 1 1
github.com/cuihairu/cockpit/internal/domain/monitor.go:225.21,227.3 1 1
github.com/cuihairu/cockpit/internal/domain/monitor.go:228.2,228.22 1 1
github.com/cuihairu/cockpit/internal/domain/monitor.go:228.22,230.3 1 1
github.com/cuihairu/cockpit/internal/domain/monitor.go:231.2,231.13 1 1
github.com/cuihairu/cockpit/internal/domain/monitor.go:235.48,237.21 2 1
github.com/cuihairu/cockpit/internal/domain/monitor.go:237.21,239.3 1 1
github.com/cuihairu/cockpit/internal/domain/monitor.go:240.2,240.11 1 1
github.com/cuihairu/cockpit/internal/domain/monitor.go:244.53,275.36 2 1
github.com/cuihairu/cockpit/internal/domain/monitor.go:275.36,277.3 1 1
github.com/cuihairu/cockpit/internal/domain/monitor.go:278.2,278.11 1 1
github.com/cuihairu/cockpit/internal/domain/monitor.go:282.73,285.15 3 1
github.com/cuihairu/cockpit/internal/domain/monitor.go:285.15,285.44 1 1
github.com/cuihairu/cockpit/internal/domain/monitor.go:287.2,287.24 1 1
github.com/cuihairu/cockpit/internal/domain/monitor.go:297.66,303.33 2 1
github.com/cuihairu/cockpit/internal/domain/monitor.go:303.33,305.17 2 1
github.com/cuihairu/cockpit/internal/domain/monitor.go:305.17,307.4 1 1
github.com/cuihairu/cockpit/internal/domain/monitor.go:307.9,309.4 1 0
github.com/cuihairu/cockpit/internal/domain/monitor.go:312.2,312.15 1 1
github.com/cuihairu/cockpit/internal/domain/monitor.go:316.63,318.16 2 0
github.com/cuihairu/cockpit/internal/domain/monitor.go:318.16,320.3 1 0
github.com/cuihairu/cockpit/internal/domain/monitor.go:322.2,323.25 2 0
github.com/cuihairu/cockpit/internal/domain/monitor.go:323.25,325.3 1 0
github.com/cuihairu/cockpit/internal/domain/monitor.go:327.2,327.20 1 0
github.com/cuihairu/cockpit/internal/domain/monitor.go:342.61,349.16 3 1
github.com/cuihairu/cockpit/internal/domain/monitor.go:349.16,350.28 1 1
github.com/cuihairu/cockpit/internal/domain/monitor.go:350.28,351.37 1 1
github.com/cuihairu/cockpit/internal/domain/monitor.go:351.37,353.5 1 1
github.com/cuihairu/cockpit/internal/domain/monitor.go:353.10,355.5 1 1
github.com/cuihairu/cockpit/internal/domain/monitor.go:360.2,361.16 2 1
github.com/cuihairu/cockpit/internal/domain/monitor.go:361.16,362.29 1 0
github.com/cuihairu/cockpit/internal/domain/monitor.go:362.29,364.4 1 0
github.com/cuihairu/cockpit/internal/domain/monitor.go:368.2,369.16 2 1
github.com/cuihairu/cockpit/internal/domain/monitor.go:369.16,371.3 1 0
github.com/cuihairu/cockpit/internal/domain/monitor.go:374.2,375.16 2 1
github.com/cuihairu/cockpit/internal/domain/monitor.go:375.16,376.29 1 0
github.com/cuihairu/cockpit/internal/domain/monitor.go:376.29,378.4 1 0
github.com/cuihairu/cockpit/internal/domain/monitor.go:382.2,383.39 2 1
github.com/cuihairu/cockpit/internal/domain/monitor.go:383.39,385.3 1 0
github.com/cuihairu/cockpit/internal/domain/monitor.go:387.2,387.18 1 1
github.com/cuihairu/cockpit/internal/domain/monitor.go:391.60,393.16 2 1
github.com/cuihairu/cockpit/internal/domain/monitor.go:393.16,397.17 2 1
github.com/cuihairu/cockpit/internal/domain/monitor.go:397.17,399.4 1 0
github.com/cuihairu/cockpit/internal/domain/monitor.go:400.3,400.28 1 1
github.com/cuihairu/cockpit/internal/domain/monitor.go:404.2,404.19 1 0
